\BOOKMARK [1][-]{section.1}{\376\377\000I\000n\000t\000r\000o\000d\000u\000c\000t\000i\000o\000n}{}% 1
\BOOKMARK [2][-]{subsection.1.1}{\376\377\000M\000o\000t\000i\000v\000a\000t\000i\000o\000n\000\040\000a\000n\000d\000\040\000S\000c\000o\000p\000e}{section.1}% 2
\BOOKMARK [2][-]{subsection.1.2}{\376\377\000M\000a\000t\000h\000e\000m\000a\000t\000i\000c\000a\000l\000\040\000F\000r\000a\000m\000e\000w\000o\000r\000k}{section.1}% 3
\BOOKMARK [2][-]{subsection.1.3}{\376\377\000C\000o\000u\000p\000l\000i\000n\000g\000\040\000S\000t\000r\000u\000c\000t\000u\000r\000e\000s\000\040\000a\000n\000d\000\040\000I\000n\000f\000o\000r\000m\000a\000t\000i\000o\000n\000\040\000E\000x\000t\000r\000a\000c\000t\000i\000o\000n}{section.1}% 4
\BOOKMARK [2][-]{subsection.1.4}{\376\377\000P\000r\000i\000n\000c\000i\000p\000a\000l\000\040\000R\000e\000s\000u\000l\000t\000s}{section.1}% 5
\BOOKMARK [2][-]{subsection.1.5}{\376\377\000M\000e\000t\000h\000o\000d\000o\000l\000o\000g\000i\000c\000a\000l\000\040\000A\000p\000p\000r\000o\000a\000c\000h}{section.1}% 6
\BOOKMARK [2][-]{subsection.1.6}{\376\377\000R\000e\000l\000a\000t\000i\000o\000n\000s\000h\000i\000p\000\040\000t\000o\000\040\000P\000r\000i\000o\000r\000\040\000W\000o\000r\000k}{section.1}% 7
\BOOKMARK [2][-]{subsection.1.7}{\376\377\000O\000r\000g\000a\000n\000i\000z\000a\000t\000i\000o\000n}{section.1}% 8
\BOOKMARK [2][-]{subsection.1.8}{\376\377\000N\000o\000t\000a\000t\000i\000o\000n\000\040\000a\000n\000d\000\040\000C\000o\000n\000v\000e\000n\000t\000i\000o\000n\000s}{section.1}% 9
\BOOKMARK [0][-]{part.1}{\376\377\000I\000\040\000M\000a\000t\000h\000e\000m\000a\000t\000i\000c\000a\000l\000\040\000F\000o\000u\000n\000d\000a\000t\000i\000o\000n\000s}{}% 10
\BOOKMARK [1][-]{section.2}{\376\377\000B\000o\000u\000n\000d\000e\000d\000\040\000O\000s\000c\000i\000l\000l\000a\000t\000o\000r\000y\000\040\000S\000y\000s\000t\000e\000m\000s}{part.1}% 11
\BOOKMARK [2][-]{subsection.2.1}{\376\377\000M\000e\000a\000s\000u\000r\000e\000-\000P\000r\000e\000s\000e\000r\000v\000i\000n\000g\000\040\000D\000y\000n\000a\000m\000i\000c\000s\000\040\000i\000n\000\040\000B\000o\000u\000n\000d\000e\000d\000\040\000P\000h\000a\000s\000e\000\040\000S\000p\000a\000c\000e}{section.2}% 12
\BOOKMARK [2][-]{subsection.2.2}{\376\377\000C\000l\000a\000s\000s\000i\000f\000i\000c\000a\000t\000i\000o\000n\000\040\000o\000f\000\040\000B\000o\000u\000n\000d\000e\000d\000\040\000D\000y\000n\000a\000m\000i\000c\000s}{section.2}% 13
\BOOKMARK [2][-]{subsection.2.3}{\376\377\000O\000s\000c\000i\000l\000l\000a\000t\000o\000r\000y\000\040\000D\000e\000c\000o\000m\000p\000o\000s\000i\000t\000i\000o\000n}{section.2}% 14
\BOOKMARK [2][-]{subsection.2.4}{\376\377\000H\000i\000e\000r\000a\000r\000c\000h\000y\000\040\000o\000f\000\040\000T\000i\000m\000e\000s\000c\000a\000l\000e\000s}{section.2}% 15
\BOOKMARK [1][-]{section.3}{\376\377\000P\000a\000r\000t\000i\000t\000i\000o\000n\000\040\000C\000o\000o\000r\000d\000i\000n\000a\000t\000e\000s}{part.1}% 16
\BOOKMARK [2][-]{subsection.3.1}{\376\377\000C\000a\000t\000e\000g\000o\000r\000i\000c\000a\000l\000\040\000O\000b\000s\000e\000r\000v\000a\000t\000i\000o\000n}{section.3}% 17
\BOOKMARK [2][-]{subsection.3.2}{\376\377\000N\000e\000s\000t\000e\000d\000\040\000B\000o\000u\000n\000d\000a\000r\000y\000\040\000G\000e\000o\000m\000e\000t\000r\000y}{section.3}% 18
\BOOKMARK [2][-]{subsection.3.3}{\376\377\000C\000o\000o\000r\000d\000i\000n\000a\000t\000e\000\040\000S\000t\000r\000u\000c\000t\000u\000r\000e\000\040\000T\000h\000e\000o\000r\000e\000m}{section.3}% 19
\BOOKMARK [2][-]{subsection.3.4}{\376\377\000C\000a\000p\000a\000c\000i\000t\000y\000\040\000B\000o\000u\000n\000d\000s}{section.3}% 20
\BOOKMARK [2][-]{subsection.3.5}{\376\377\000E\000n\000e\000r\000g\000y\000\040\000O\000r\000d\000e\000r\000i\000n\000g}{section.3}% 21
\BOOKMARK [1][-]{section.4}{\376\377\000F\000r\000e\000q\000u\000e\000n\000c\000y\000-\000C\000o\000o\000r\000d\000i\000n\000a\000t\000e\000\040\000D\000u\000a\000l\000i\000t\000y}{part.1}% 22
\BOOKMARK [2][-]{subsection.4.1}{\376\377\000C\000h\000a\000r\000a\000c\000t\000e\000r\000i\000s\000t\000i\000c\000\040\000F\000r\000e\000q\000u\000e\000n\000c\000i\000e\000s\000\040\000f\000r\000o\000m\000\040\000P\000a\000r\000t\000i\000t\000i\000o\000n\000\040\000G\000e\000o\000m\000e\000t\000r\000y}{section.4}% 23
\BOOKMARK [2][-]{subsection.4.2}{\376\377\000S\000p\000e\000c\000t\000r\000a\000l\000\040\000R\000e\000g\000i\000m\000e\000s\000\040\000a\000n\000d\000\040\000F\000r\000e\000q\000u\000e\000n\000c\000y\000\040\000S\000e\000p\000a\000r\000a\000t\000i\000o\000n}{section.4}% 24
\BOOKMARK [2][-]{subsection.4.3}{\376\377\000T\000r\000a\000n\000s\000i\000t\000i\000o\000n\000\040\000F\000r\000e\000q\000u\000e\000n\000c\000i\000e\000s\000\040\000a\000n\000d\000\040\000S\000e\000l\000e\000c\000t\000i\000o\000n\000\040\000R\000u\000l\000e\000s}{section.4}% 25
\BOOKMARK [2][-]{subsection.4.4}{\376\377\000F\000r\000e\000q\000u\000e\000n\000c\000y\000-\000C\000o\000o\000r\000d\000i\000n\000a\000t\000e\000\040\000M\000a\000p}{section.4}% 26
\BOOKMARK [0][-]{part.2}{\376\377\000I\000I\000\040\000C\000o\000u\000p\000l\000i\000n\000g\000\040\000T\000h\000e\000o\000r\000y}{}% 27
\BOOKMARK [1][-]{section.5}{\376\377\000I\000n\000s\000t\000r\000u\000m\000e\000n\000t\000\040\000N\000e\000c\000e\000s\000s\000i\000t\000y}{part.2}% 28
\BOOKMARK [2][-]{subsection.5.1}{\376\377\000I\000n\000f\000o\000r\000m\000a\000t\000i\000o\000n\000\040\000E\000x\000t\000r\000a\000c\000t\000i\000o\000n\000\040\000f\000r\000o\000m\000\040\000B\000o\000u\000n\000d\000e\000d\000\040\000S\000y\000s\000t\000e\000m\000s}{section.5}% 29
\BOOKMARK [2][-]{subsection.5.2}{\376\377\000M\000i\000n\000i\000m\000a\000l\000\040\000C\000o\000u\000p\000l\000i\000n\000g\000\040\000S\000t\000r\000u\000c\000t\000u\000r\000e\000s}{section.5}% 30
\BOOKMARK [2][-]{subsection.5.3}{\376\377\000U\000n\000i\000q\000u\000e\000n\000e\000s\000s\000\040\000o\000f\000\040\000C\000o\000u\000p\000l\000i\000n\000g\000\040\000S\000t\000r\000u\000c\000t\000u\000r\000e\000s}{section.5}% 31
\BOOKMARK [2][-]{subsection.5.4}{\376\377\000C\000o\000u\000p\000l\000i\000n\000g\000\040\000E\000f\000f\000i\000c\000i\000e\000n\000c\000y}{section.5}% 32
\BOOKMARK [1][-]{section.6}{\376\377\000R\000e\000s\000o\000n\000a\000n\000c\000e\000\040\000C\000o\000n\000d\000i\000t\000i\000o\000n\000s}{part.2}% 33
\BOOKMARK [2][-]{subsection.6.1}{\376\377\000R\000e\000s\000o\000n\000a\000n\000c\000e\000\040\000i\000n\000\040\000O\000s\000c\000i\000l\000l\000a\000t\000o\000r\000y\000\040\000C\000o\000u\000p\000l\000i\000n\000g}{section.6}% 34
\BOOKMARK [2][-]{subsection.6.2}{\376\377\000L\000i\000n\000e\000w\000i\000d\000t\000h\000\040\000B\000o\000u\000n\000d\000s\000\040\000a\000n\000d\000\040\000T\000i\000m\000e\000-\000F\000r\000e\000q\000u\000e\000n\000c\000y\000\040\000U\000n\000c\000e\000r\000t\000a\000i\000n\000t\000y}{section.6}% 35
\BOOKMARK [2][-]{subsection.6.3}{\376\377\000S\000e\000l\000e\000c\000t\000i\000v\000i\000t\000y\000\040\000C\000o\000n\000d\000i\000t\000i\000o\000n\000s\000\040\000f\000o\000r\000\040\000C\000o\000o\000r\000d\000i\000n\000a\000t\000e\000\040\000E\000x\000t\000r\000a\000c\000t\000i\000o\000n}{section.6}% 36
\BOOKMARK [2][-]{subsection.6.4}{\376\377\000M\000u\000l\000t\000i\000-\000F\000r\000e\000q\000u\000e\000n\000c\000y\000\040\000R\000e\000s\000o\000n\000a\000n\000c\000e\000\040\000a\000n\000d\000\040\000I\000n\000d\000e\000p\000e\000n\000d\000e\000n\000t\000\040\000E\000x\000t\000r\000a\000c\000t\000i\000o\000n}{section.6}% 37
\BOOKMARK [1][-]{section.7}{\376\377\000E\000x\000p\000l\000i\000c\000i\000t\000\040\000C\000o\000u\000p\000l\000i\000n\000g\000\040\000S\000t\000r\000u\000c\000t\000u\000r\000e\000s}{part.2}% 38
\BOOKMARK [2][-]{subsection.7.1}{\376\377\000D\000e\000p\000t\000h\000\040\000C\000o\000o\000r\000d\000i\000n\000a\000t\000e\000\040\000C\000o\000u\000p\000l\000i\000n\000g\000\040\000\050\000n\000\051\000:\000\040\000A\000b\000s\000o\000r\000p\000t\000i\000o\000n\000/\000E\000m\000i\000s\000s\000i\000o\000n\000\040\000S\000p\000e\000c\000t\000r\000o\000s\000c\000o\000p\000y}{section.7}% 39
\BOOKMARK [2][-]{subsection.7.2}{\376\377\000C\000o\000m\000p\000l\000e\000x\000i\000t\000y\000\040\000C\000o\000o\000r\000d\000i\000n\000a\000t\000e\000\040\000C\000o\000u\000p\000l\000i\000n\000g\000\040\000\050\000\051\000:\000\040\000R\000a\000m\000a\000n\000\040\000S\000p\000e\000c\000t\000r\000o\000s\000c\000o\000p\000y}{section.7}% 40
\BOOKMARK [2][-]{subsection.7.3}{\376\377\000O\000r\000i\000e\000n\000t\000a\000t\000i\000o\000n\000\040\000C\000o\000o\000r\000d\000i\000n\000a\000t\000e\000\040\000C\000o\000u\000p\000l\000i\000n\000g\000\040\000\050\000m\000\051\000:\000\040\000M\000a\000g\000n\000e\000t\000i\000c\000\040\000R\000e\000s\000o\000n\000a\000n\000c\000e}{section.7}% 41
\BOOKMARK [2][-]{subsection.7.4}{\376\377\000C\000h\000i\000r\000a\000l\000i\000t\000y\000\040\000C\000o\000o\000r\000d\000i\000n\000a\000t\000e\000\040\000C\000o\000u\000p\000l\000i\000n\000g\000\040\000\050\000s\000\051\000:\000\040\000S\000p\000i\000n\000\040\000R\000e\000s\000o\000n\000a\000n\000c\000e}{section.7}% 42
\BOOKMARK [2][-]{subsection.7.5}{\376\377\000C\000o\000m\000p\000o\000s\000i\000t\000e\000\040\000S\000t\000r\000u\000c\000t\000u\000r\000e\000s\000\040\000a\000n\000d\000\040\000T\000e\000n\000s\000o\000r\000\040\000P\000r\000o\000d\000u\000c\000t\000s}{section.7}% 43
\BOOKMARK [0][-]{part.3}{\376\377\000I\000I\000I\000\040\000C\000o\000m\000p\000l\000e\000t\000e\000n\000e\000s\000s\000\040\000a\000n\000d\000\040\000B\000o\000u\000n\000d\000s}{}% 44
\BOOKMARK [1][-]{section.8}{\376\377\000C\000o\000m\000p\000l\000e\000t\000e\000n\000e\000s\000s\000\040\000o\000f\000\040\000C\000o\000u\000p\000l\000i\000n\000g\000\040\000S\000t\000r\000u\000c\000t\000u\000r\000e\000s}{part.3}% 45
\BOOKMARK [2][-]{subsection.8.1}{\376\377\000M\000e\000a\000s\000u\000r\000e\000m\000e\000n\000t\000\040\000A\000l\000g\000e\000b\000r\000a}{section.8}% 46
\BOOKMARK [2][-]{subsection.8.2}{\376\377\000C\000o\000m\000p\000l\000e\000t\000e\000n\000e\000s\000s\000\040\000o\000f\000\040\000E\000l\000e\000m\000e\000n\000t\000a\000r\000y\000\040\000C\000o\000u\000p\000l\000i\000n\000g\000\040\000S\000t\000r\000u\000c\000t\000u\000r\000e\000s}{section.8}% 47
\BOOKMARK [2][-]{subsection.8.3}{\376\377\000C\000o\000m\000p\000o\000s\000i\000t\000i\000o\000n\000\040\000a\000n\000d\000\040\000D\000e\000r\000i\000v\000e\000d\000\040\000M\000e\000a\000s\000u\000r\000e\000m\000e\000n\000t\000s}{section.8}% 48
\BOOKMARK [2][-]{subsection.8.4}{\376\377\000T\000r\000a\000n\000s\000i\000t\000i\000o\000n\000\040\000M\000e\000a\000s\000u\000r\000e\000m\000e\000n\000t\000s}{section.8}% 49
\BOOKMARK [2][-]{subsection.8.5}{\376\377\000I\000n\000f\000o\000r\000m\000a\000t\000i\000o\000n\000-\000T\000h\000e\000o\000r\000e\000t\000i\000c\000\040\000B\000o\000u\000n\000d\000s}{section.8}% 50
\BOOKMARK [1][-]{section.9}{\376\377\000M\000i\000n\000i\000m\000a\000l\000\040\000H\000a\000r\000d\000w\000a\000r\000e\000\040\000B\000o\000u\000n\000d\000s}{part.3}% 51
\BOOKMARK [2][-]{subsection.9.1}{\376\377\000H\000a\000r\000d\000w\000a\000r\000e\000\040\000O\000s\000c\000i\000l\000l\000a\000t\000o\000r\000\040\000M\000o\000d\000e\000l}{section.9}% 52
\BOOKMARK [2][-]{subsection.9.2}{\376\377\000M\000i\000n\000i\000m\000a\000l\000\040\000O\000s\000c\000i\000l\000l\000a\000t\000o\000r\000\040\000C\000o\000u\000n\000t}{section.9}% 53
\BOOKMARK [2][-]{subsection.9.3}{\376\377\000F\000r\000e\000q\000u\000e\000n\000c\000y\000\040\000M\000a\000t\000c\000h\000i\000n\000g\000\040\000a\000n\000d\000\040\000H\000a\000r\000d\000w\000a\000r\000e\000-\000C\000o\000o\000r\000d\000i\000n\000a\000t\000e\000\040\000C\000o\000m\000p\000a\000t\000i\000b\000i\000l\000i\000t\000y}{section.9}% 54
\BOOKMARK [2][-]{subsection.9.4}{\376\377\000S\000i\000g\000n\000a\000l\000\040\000P\000r\000o\000c\000e\000s\000s\000i\000n\000g\000\040\000a\000n\000d\000\040\000V\000i\000r\000t\000u\000a\000l\000\040\000I\000n\000s\000t\000r\000u\000m\000e\000n\000t\000a\000t\000i\000o\000n}{section.9}% 55
\BOOKMARK [2][-]{subsection.9.5}{\376\377\000T\000h\000e\000r\000m\000o\000d\000y\000n\000a\000m\000i\000c\000\040\000a\000n\000d\000\040\000T\000e\000m\000p\000o\000r\000a\000l\000\040\000B\000o\000u\000n\000d\000s}{section.9}% 56
\BOOKMARK [2][-]{subsection.9.6}{\376\377\000A\000c\000h\000i\000e\000v\000a\000b\000i\000l\000i\000t\000y\000\040\000o\000f\000\040\000B\000o\000u\000n\000d\000s}{section.9}% 57
\BOOKMARK [1][-]{section.10}{\376\377\000D\000i\000s\000c\000u\000s\000s\000i\000o\000n}{part.3}% 58
\BOOKMARK [1][-]{section.11}{\376\377\000D\000i\000s\000c\000u\000s\000s\000i\000o\000n}{part.3}% 59
\BOOKMARK [2][-]{subsection.11.1}{\376\377\000S\000u\000m\000m\000a\000r\000y\000\040\000o\000f\000\040\000M\000a\000t\000h\000e\000m\000a\000t\000i\000c\000a\000l\000\040\000R\000e\000s\000u\000l\000t\000s}{section.11}% 60
\BOOKMARK [2][-]{subsection.11.2}{\376\377\000I\000n\000d\000e\000p\000e\000n\000d\000e\000n\000c\000e\000\040\000f\000r\000o\000m\000\040\000D\000y\000n\000a\000m\000i\000c\000a\000l\000\040\000E\000q\000u\000a\000t\000i\000o\000n\000s}{section.11}% 61
\BOOKMARK [2][-]{subsection.11.3}{\376\377\000U\000n\000i\000q\000u\000e\000n\000e\000s\000s\000\040\000o\000f\000\040\000C\000o\000u\000p\000l\000i\000n\000g\000\040\000S\000t\000r\000u\000c\000t\000u\000r\000e\000s}{section.11}% 62
\BOOKMARK [2][-]{subsection.11.4}{\376\377\000R\000o\000l\000e\000\040\000o\000f\000\040\000R\000e\000s\000o\000n\000a\000n\000c\000e}{section.11}% 63
\BOOKMARK [2][-]{subsection.11.5}{\376\377\000C\000o\000m\000p\000l\000e\000t\000e\000n\000e\000s\000s\000\040\000a\000n\000d\000\040\000C\000o\000m\000p\000o\000s\000i\000t\000i\000o\000n}{section.11}% 64
\BOOKMARK [2][-]{subsection.11.6}{\376\377\000I\000n\000f\000o\000r\000m\000a\000t\000i\000o\000n\000-\000T\000h\000e\000o\000r\000e\000t\000i\000c\000\040\000O\000p\000t\000i\000m\000a\000l\000i\000t\000y}{section.11}% 65
\BOOKMARK [1][-]{section.12}{\376\377\000C\000o\000n\000c\000l\000u\000s\000i\000o\000n}{part.3}% 66
\BOOKMARK [2][-]{subsection.12.1}{\376\377\000P\000r\000i\000n\000c\000i\000p\000a\000l\000\040\000R\000e\000s\000u\000l\000t\000s}{section.12}% 67
\BOOKMARK [2][-]{subsection.12.2}{\376\377\000S\000t\000r\000u\000c\000t\000u\000r\000a\000l\000\040\000C\000o\000r\000r\000e\000s\000p\000o\000n\000d\000e\000n\000c\000e\000s}{section.12}% 68
\BOOKMARK [2][-]{subsection.12.3}{\376\377\000I\000m\000p\000l\000i\000c\000a\000t\000i\000o\000n\000s}{section.12}% 69
\BOOKMARK [2][-]{subsection.12.4}{\376\377\000S\000c\000o\000p\000e\000\040\000a\000n\000d\000\040\000L\000i\000m\000i\000t\000a\000t\000i\000o\000n\000s}{section.12}% 70
\BOOKMARK [2][-]{subsection.12.5}{\376\377\000F\000u\000t\000u\000r\000e\000\040\000D\000i\000r\000e\000c\000t\000i\000o\000n\000s}{section.12}% 71
\BOOKMARK [2][-]{subsection.12.6}{\376\377\000C\000l\000o\000s\000i\000n\000g\000\040\000R\000e\000m\000a\000r\000k\000s}{section.12}% 72
