\BOOKMARK [1][-]{section.1}{\376\377\000I\000n\000t\000r\000o\000d\000u\000c\000t\000i\000o\000n}{}% 1
\BOOKMARK [2][-]{subsection.1.1}{\376\377\000H\000i\000s\000t\000o\000r\000i\000c\000a\000l\000\040\000C\000o\000n\000t\000e\000x\000t}{section.1}% 2
\BOOKMARK [2][-]{subsection.1.2}{\376\377\000A\000\040\000M\000o\000r\000e\000\040\000F\000u\000n\000d\000a\000m\000e\000n\000t\000a\000l\000\040\000R\000e\000s\000o\000l\000u\000t\000i\000o\000n}{section.1}% 3
\BOOKMARK [2][-]{subsection.1.3}{\376\377\000T\000h\000e\000\040\000C\000o\000r\000e\000\040\000I\000n\000s\000i\000g\000h\000t}{section.1}% 4
\BOOKMARK [2][-]{subsection.1.4}{\376\377\000C\000a\000t\000e\000g\000o\000r\000y\000\040\000E\000r\000r\000o\000r}{section.1}% 5
\BOOKMARK [1][-]{section.2}{\376\377\000W\000h\000a\000t\000\040\000E\000n\000t\000r\000o\000p\000y\000\040\000A\000c\000t\000u\000a\000l\000l\000y\000\040\000C\000o\000u\000n\000t\000s}{}% 6
\BOOKMARK [1][-]{section.3}{\376\377\000T\000h\000e\000\040\000S\000n\000a\000p\000s\000h\000o\000t\000\040\000P\000r\000i\000n\000c\000i\000p\000l\000e}{}% 7
\BOOKMARK [1][-]{section.4}{\376\377\000E\000l\000a\000s\000t\000i\000c\000\040\000C\000o\000l\000l\000i\000s\000i\000o\000n\000s\000:\000\040\000T\000e\000m\000p\000e\000r\000a\000t\000u\000r\000e\000\040\000W\000i\000t\000h\000o\000u\000t\000\040\000E\000n\000t\000r\000o\000p\000y}{}% 8
\BOOKMARK [1][-]{section.5}{\376\377\000T\000h\000e\000\040\000C\000a\000t\000e\000g\000o\000r\000y\000\040\000E\000r\000r\000o\000r}{}% 9
\BOOKMARK [1][-]{section.6}{\376\377\000W\000h\000a\000t\000\040\000A\000c\000t\000u\000a\000l\000l\000y\000\040\000C\000h\000a\000n\000g\000e\000s\000\040\000E\000n\000t\000r\000o\000p\000y}{}% 10
\BOOKMARK [1][-]{section.7}{\376\377\000E\000x\000p\000e\000r\000i\000m\000e\000n\000t\000a\000l\000\040\000V\000a\000l\000i\000d\000a\000t\000i\000o\000n}{}% 11
\BOOKMARK [2][-]{subsection.7.1}{\376\377\000H\000e\000a\000t\000-\000E\000n\000t\000r\000o\000p\000y\000\040\000D\000e\000c\000o\000u\000p\000l\000i\000n\000g}{section.7}% 12
\BOOKMARK [3][-]{subsubsection.7.1.1}{\376\377\000T\000h\000e\000o\000r\000e\000t\000i\000c\000a\000l\000\040\000P\000r\000e\000d\000i\000c\000t\000i\000o\000n}{subsection.7.1}% 13
\BOOKMARK [3][-]{subsubsection.7.1.2}{\376\377\000E\000x\000p\000e\000r\000i\000m\000e\000n\000t\000a\000l\000\040\000S\000e\000t\000u\000p}{subsection.7.1}% 14
\BOOKMARK [3][-]{subsubsection.7.1.3}{\376\377\000R\000e\000s\000u\000l\000t\000s}{subsection.7.1}% 15
\BOOKMARK [3][-]{subsubsection.7.1.4}{\376\377\000S\000t\000a\000t\000i\000s\000t\000i\000c\000a\000l\000\040\000A\000n\000a\000l\000y\000s\000i\000s}{subsection.7.1}% 16
\BOOKMARK [2][-]{subsection.7.2}{\376\377\000V\000e\000l\000o\000c\000i\000t\000y\000-\000E\000n\000t\000r\000o\000p\000y\000\040\000I\000n\000d\000e\000p\000e\000n\000d\000e\000n\000c\000e}{section.7}% 17
\BOOKMARK [3][-]{subsubsection.7.2.1}{\376\377\000E\000x\000p\000e\000r\000i\000m\000e\000n\000t\000a\000l\000\040\000D\000e\000s\000i\000g\000n}{subsection.7.2}% 18
\BOOKMARK [2][-]{subsection.7.3}{\376\377\000T\000r\000i\000p\000l\000e\000\040\000E\000q\000u\000i\000v\000a\000l\000e\000n\000c\000e\000\040\000V\000a\000l\000i\000d\000a\000t\000i\000o\000n}{section.7}% 19
\BOOKMARK [2][-]{subsection.7.4}{\376\377\000I\000r\000r\000e\000v\000e\000r\000s\000i\000b\000i\000l\000i\000t\000y\000\040\000T\000e\000s\000t}{section.7}% 20
\BOOKMARK [2][-]{subsection.7.5}{\376\377\000S\000u\000m\000m\000a\000r\000y\000\040\000o\000f\000\040\000E\000x\000p\000e\000r\000i\000m\000e\000n\000t\000a\000l\000\040\000V\000a\000l\000i\000d\000a\000t\000i\000o\000n}{section.7}% 21
\BOOKMARK [1][-]{section.8}{\376\377\000D\000i\000s\000c\000u\000s\000s\000i\000o\000n}{}% 22
\BOOKMARK [2][-]{subsection.8.1}{\376\377\000C\000o\000m\000p\000a\000r\000i\000s\000o\000n\000\040\000w\000i\000t\000h\000\040\000I\000n\000f\000o\000r\000m\000a\000t\000i\000o\000n\000-\000T\000h\000e\000o\000r\000e\000t\000i\000c\000\040\000R\000e\000s\000o\000l\000u\000t\000i\000o\000n\000s}{section.8}% 23
\BOOKMARK [3][-]{subsubsection.8.1.1}{\376\377\000A\000r\000e\000\040\000t\000h\000e\000\040\000R\000e\000s\000o\000l\000u\000t\000i\000o\000n\000s\000\040\000C\000o\000m\000p\000a\000t\000i\000b\000l\000e\000?}{subsection.8.1}% 24
\BOOKMARK [2][-]{subsection.8.2}{\376\377\000W\000h\000y\000\040\000W\000a\000s\000\040\000t\000h\000e\000\040\000C\000a\000t\000e\000g\000o\000r\000y\000\040\000E\000r\000r\000o\000r\000\040\000O\000v\000e\000r\000l\000o\000o\000k\000e\000d\000?}{section.8}% 25
\BOOKMARK [2][-]{subsection.8.3}{\376\377\000R\000e\000l\000a\000t\000i\000o\000n\000s\000h\000i\000p\000\040\000t\000o\000\040\000L\000o\000s\000c\000h\000m\000i\000d\000t\000'\000s\000\040\000P\000a\000r\000a\000d\000o\000x}{section.8}% 26
\BOOKMARK [2][-]{subsection.8.4}{\376\377\000I\000m\000p\000l\000i\000c\000a\000t\000i\000o\000n\000s\000\040\000f\000o\000r\000\040\000T\000h\000e\000r\000m\000o\000d\000y\000n\000a\000m\000i\000c\000s}{section.8}% 27
\BOOKMARK [3][-]{subsubsection.8.4.1}{\376\377\000E\000n\000t\000r\000o\000p\000y\000\040\000i\000s\000\040\000G\000e\000o\000m\000e\000t\000r\000i\000c}{subsection.8.4}% 28
\BOOKMARK [3][-]{subsubsection.8.4.2}{\376\377\000H\000e\000a\000t\000-\000E\000n\000t\000r\000o\000p\000y\000\040\000D\000e\000c\000o\000u\000p\000l\000i\000n\000g\000\040\000i\000s\000\040\000G\000e\000n\000e\000r\000a\000l}{subsection.8.4}% 29
\BOOKMARK [3][-]{subsubsection.8.4.3}{\376\377\000I\000n\000f\000o\000r\000m\000a\000t\000i\000o\000n\000\040\000i\000s\000\040\000N\000o\000t\000\040\000P\000r\000i\000m\000a\000r\000y}{subsection.8.4}% 30
\BOOKMARK [2][-]{subsection.8.5}{\376\377\000O\000b\000j\000e\000c\000t\000i\000o\000n\000s\000\040\000a\000n\000d\000\040\000R\000e\000s\000p\000o\000n\000s\000e\000s}{section.8}% 31
\BOOKMARK [3][-]{subsubsection.8.5.1}{\376\377\000O\000b\000j\000e\000c\000t\000i\000o\000n\000:\000\040\000E\000n\000t\000r\000o\000p\000y\000\040\000D\000e\000p\000e\000n\000d\000s\000\040\000o\000n\000\040\000V\000e\000l\000o\000c\000i\000t\000i\000e\000s\000\040\000i\000n\000\040\000t\000h\000e\000\040\000G\000i\000b\000b\000s\000\040\000F\000o\000r\000m\000u\000l\000a}{subsection.8.5}% 32
\BOOKMARK [3][-]{subsubsection.8.5.2}{\376\377\000O\000b\000j\000e\000c\000t\000i\000o\000n\000:\000\040\000S\000o\000r\000t\000i\000n\000g\000\040\000C\000r\000e\000a\000t\000e\000s\000\040\000T\000e\000m\000p\000e\000r\000a\000t\000u\000r\000e\000\040\000D\000i\000f\000f\000e\000r\000e\000n\000c\000e}{subsection.8.5}% 33
\BOOKMARK [1][-]{section.9}{\376\377\000C\000o\000n\000c\000l\000u\000s\000i\000o\000n}{}% 34
\BOOKMARK [2][-]{subsection.9.1}{\376\377\000S\000u\000m\000m\000a\000r\000y\000\040\000o\000f\000\040\000R\000e\000s\000u\000l\000t\000s}{section.9}% 35
\BOOKMARK [2][-]{subsection.9.2}{\376\377\000T\000h\000e\000\040\000R\000e\000s\000o\000l\000u\000t\000i\000o\000n\000\040\000i\000n\000\040\000O\000n\000e\000\040\000S\000e\000n\000t\000e\000n\000c\000e}{section.9}% 36
\BOOKMARK [2][-]{subsection.9.3}{\376\377\000F\000i\000n\000a\000l\000\040\000S\000t\000a\000t\000e\000m\000e\000n\000t}{section.9}% 37
