\BOOKMARK [1][-]{section.1}{\376\377\000I\000n\000t\000r\000o\000d\000u\000c\000t\000i\000o\000n}{}% 1
\BOOKMARK [2][-]{subsection.1.1}{\376\377\000T\000h\000e\000\040\000F\000o\000u\000n\000d\000a\000t\000i\000o\000n\000a\000l\000\040\000P\000r\000o\000b\000l\000e\000m}{section.1}% 2
\BOOKMARK [2][-]{subsection.1.2}{\376\377\000F\000o\000u\000n\000d\000a\000t\000i\000o\000n\000a\000l\000\040\000A\000x\000i\000o\000m\000s}{section.1}% 3
\BOOKMARK [2][-]{subsection.1.3}{\376\377\000S\000c\000o\000p\000e\000\040\000a\000n\000d\000\040\000S\000t\000r\000u\000c\000t\000u\000r\000e}{section.1}% 4
\BOOKMARK [2][-]{subsection.1.4}{\376\377\000R\000e\000l\000a\000t\000i\000o\000n\000s\000h\000i\000p\000\040\000t\000o\000\040\000P\000h\000y\000s\000i\000c\000a\000l\000\040\000E\000q\000u\000a\000t\000i\000o\000n\000s\000\040\000o\000f\000\040\000S\000t\000a\000t\000e}{section.1}% 5
\BOOKMARK [1][-]{section.2}{\376\377\000P\000a\000r\000t\000i\000t\000i\000o\000n\000\040\000C\000o\000o\000r\000d\000i\000n\000a\000t\000e\000s}{}% 6
\BOOKMARK [2][-]{subsection.2.1}{\376\377\000D\000e\000r\000i\000v\000a\000t\000i\000o\000n\000\040\000f\000r\000o\000m\000\040\000F\000o\000u\000n\000d\000a\000t\000i\000o\000n\000a\000l\000\040\000A\000x\000i\000o\000m\000s}{section.2}% 7
\BOOKMARK [2][-]{subsection.2.2}{\376\377\000P\000a\000r\000t\000i\000t\000i\000o\000n\000\040\000C\000o\000o\000r\000d\000i\000n\000a\000t\000e\000\040\000S\000t\000r\000u\000c\000t\000u\000r\000e}{section.2}% 8
\BOOKMARK [2][-]{subsection.2.3}{\376\377\000P\000a\000r\000t\000i\000t\000i\000o\000n\000\040\000D\000e\000p\000t\000h\000\040\000a\000n\000d\000\040\000R\000e\000f\000i\000n\000e\000m\000e\000n\000t}{section.2}% 9
\BOOKMARK [2][-]{subsection.2.4}{\376\377\000P\000a\000r\000t\000i\000t\000i\000o\000n\000\040\000G\000e\000o\000m\000e\000t\000r\000y}{section.2}% 10
\BOOKMARK [2][-]{subsection.2.5}{\376\377\000E\000n\000e\000r\000g\000y\000\040\000S\000c\000a\000l\000i\000n\000g}{section.2}% 11
\BOOKMARK [2][-]{subsection.2.6}{\376\377\000P\000a\000r\000t\000i\000t\000i\000o\000n\000\040\000T\000r\000a\000n\000s\000i\000t\000i\000o\000n\000s}{section.2}% 12
\BOOKMARK [2][-]{subsection.2.7}{\376\377\000P\000a\000r\000t\000i\000t\000i\000o\000n\000\040\000S\000t\000a\000t\000i\000s\000t\000i\000c\000s}{section.2}% 13
\BOOKMARK [2][-]{subsection.2.8}{\376\377\000P\000a\000r\000t\000i\000t\000i\000o\000n\000\040\000E\000n\000t\000r\000o\000p\000y}{section.2}% 14
\BOOKMARK [1][-]{section.3}{\376\377\000S\000-\000E\000n\000t\000r\000o\000p\000y\000\040\000C\000o\000o\000r\000d\000i\000n\000a\000t\000e\000s\000\040\000a\000n\000d\000\040\000T\000h\000e\000r\000m\000o\000d\000y\000n\000a\000m\000i\000c\000\040\000S\000t\000r\000u\000c\000t\000u\000r\000e}{}% 15
\BOOKMARK [2][-]{subsection.3.1}{\376\377\000S\000-\000E\000n\000t\000r\000o\000p\000y\000\040\000C\000o\000o\000r\000d\000i\000n\000a\000t\000e\000\040\000S\000p\000a\000c\000e}{section.3}% 16
\BOOKMARK [2][-]{subsection.3.2}{\376\377\000M\000a\000p\000p\000i\000n\000g\000\040\000f\000r\000o\000m\000\040\000P\000a\000r\000t\000i\000t\000i\000o\000n\000\040\000C\000o\000o\000r\000d\000i\000n\000a\000t\000e\000s}{section.3}% 17
\BOOKMARK [2][-]{subsection.3.3}{\376\377\000T\000h\000e\000r\000m\000o\000d\000y\000n\000a\000m\000i\000c\000\040\000I\000n\000t\000e\000r\000p\000r\000e\000t\000a\000t\000i\000o\000n}{section.3}% 18
\BOOKMARK [2][-]{subsection.3.4}{\376\377\000T\000h\000e\000r\000m\000o\000d\000y\000n\000a\000m\000i\000c\000\040\000P\000o\000t\000e\000n\000t\000i\000a\000l\000s}{section.3}% 19
\BOOKMARK [2][-]{subsection.3.5}{\376\377\000T\000r\000a\000j\000e\000c\000t\000o\000r\000y\000\040\000D\000y\000n\000a\000m\000i\000c\000s\000\040\000i\000n\000\040\000S\000-\000E\000n\000t\000r\000o\000p\000y\000\040\000S\000p\000a\000c\000e}{section.3}% 20
\BOOKMARK [2][-]{subsection.3.6}{\376\377\000G\000e\000o\000d\000e\000s\000i\000c\000s\000\040\000i\000n\000\040\000S\000-\000E\000n\000t\000r\000o\000p\000y\000\040\000S\000p\000a\000c\000e}{section.3}% 21
\BOOKMARK [2][-]{subsection.3.7}{\376\377\000V\000o\000l\000u\000m\000e\000\040\000E\000l\000e\000m\000e\000n\000t\000\040\000a\000n\000d\000\040\000M\000e\000a\000s\000u\000r\000e}{section.3}% 22
\BOOKMARK [2][-]{subsection.3.8}{\376\377\000C\000o\000n\000n\000e\000c\000t\000i\000o\000n\000\040\000t\000o\000\040\000P\000a\000r\000t\000i\000t\000i\000o\000n\000\040\000C\000o\000o\000r\000d\000i\000n\000a\000t\000e\000s}{section.3}% 23
\BOOKMARK [1][-]{section.4}{\376\377\000T\000e\000r\000n\000a\000r\000y\000\040\000E\000n\000c\000o\000d\000i\000n\000g}{}% 24
\BOOKMARK [2][-]{subsection.4.1}{\376\377\000M\000o\000t\000i\000v\000a\000t\000i\000o\000n\000\040\000f\000o\000r\000\040\000T\000e\000r\000n\000a\000r\000y\000\040\000R\000e\000p\000r\000e\000s\000e\000n\000t\000a\000t\000i\000o\000n}{section.4}% 25
\BOOKMARK [2][-]{subsection.4.2}{\376\377\000T\000e\000r\000n\000a\000r\000y\000-\000C\000o\000o\000r\000d\000i\000n\000a\000t\000e\000\040\000C\000o\000r\000r\000e\000s\000p\000o\000n\000d\000e\000n\000c\000e}{section.4}% 26
\BOOKMARK [2][-]{subsection.4.3}{\376\377\000M\000o\000l\000e\000c\000u\000l\000a\000r\000\040\000C\000o\000o\000r\000d\000i\000n\000a\000t\000e\000\040\000T\000r\000a\000n\000s\000f\000o\000r\000m\000a\000t\000i\000o\000n}{section.4}% 27
\BOOKMARK [2][-]{subsection.4.4}{\376\377\000C\000e\000l\000l\000\040\000G\000e\000o\000m\000e\000t\000r\000y}{section.4}% 28
\BOOKMARK [2][-]{subsection.4.5}{\376\377\000C\000o\000n\000t\000i\000n\000u\000o\000u\000s\000\040\000E\000m\000e\000r\000g\000e\000n\000c\000e}{section.4}% 29
\BOOKMARK [2][-]{subsection.4.6}{\376\377\000T\000r\000a\000j\000e\000c\000t\000o\000r\000y\000\040\000E\000n\000c\000o\000d\000i\000n\000g}{section.4}% 30
\BOOKMARK [2][-]{subsection.4.7}{\376\377\000C\000o\000m\000p\000l\000e\000x\000i\000t\000y\000\040\000M\000e\000a\000s\000u\000r\000e\000s}{section.4}% 31
\BOOKMARK [2][-]{subsection.4.8}{\376\377\000I\000n\000f\000o\000r\000m\000a\000t\000i\000o\000n\000\040\000C\000o\000n\000t\000e\000n\000t}{section.4}% 32
\BOOKMARK [2][-]{subsection.4.9}{\376\377\000H\000i\000e\000r\000a\000r\000c\000h\000i\000c\000a\000l\000\040\000S\000t\000r\000u\000c\000t\000u\000r\000e}{section.4}% 33
\BOOKMARK [2][-]{subsection.4.10}{\376\377\000C\000o\000n\000n\000e\000c\000t\000i\000o\000n\000\040\000t\000o\000\040\000P\000a\000r\000t\000i\000t\000i\000o\000n\000\040\000C\000o\000o\000r\000d\000i\000n\000a\000t\000e\000s}{section.4}% 34
\BOOKMARK [1][-]{section.5}{\376\377\000T\000h\000e\000r\000m\000o\000d\000y\000n\000a\000m\000i\000c\000\040\000E\000q\000u\000a\000t\000i\000o\000n\000s\000\040\000o\000f\000\040\000S\000t\000a\000t\000e}{}% 35
\BOOKMARK [2][-]{subsection.5.1}{\376\377\000G\000e\000n\000e\000r\000a\000l\000\040\000F\000o\000r\000m\000u\000l\000a\000t\000i\000o\000n}{section.5}% 36
\BOOKMARK [2][-]{subsection.5.2}{\376\377\000N\000e\000u\000t\000r\000a\000l\000\040\000G\000a\000s\000\040\000\050\000I\000d\000e\000a\000l\000\040\000G\000a\000s\000\051}{section.5}% 37
\BOOKMARK [2][-]{subsection.5.3}{\376\377\000P\000l\000a\000s\000m\000a}{section.5}% 38
\BOOKMARK [2][-]{subsection.5.4}{\376\377\000D\000e\000g\000e\000n\000e\000r\000a\000t\000e\000\040\000M\000a\000t\000t\000e\000r}{section.5}% 39
\BOOKMARK [2][-]{subsection.5.5}{\376\377\000R\000e\000l\000a\000t\000i\000v\000i\000s\000t\000i\000c\000\040\000G\000a\000s}{section.5}% 40
\BOOKMARK [2][-]{subsection.5.6}{\376\377\000B\000o\000s\000e\000-\000E\000i\000n\000s\000t\000e\000i\000n\000\040\000C\000o\000n\000d\000e\000n\000s\000a\000t\000e}{section.5}% 41
\BOOKMARK [2][-]{subsection.5.7}{\376\377\000T\000e\000m\000p\000e\000r\000a\000t\000u\000r\000e\000\040\000a\000s\000\040\000U\000n\000i\000v\000e\000r\000s\000a\000l\000\040\000S\000c\000a\000l\000i\000n\000g\000\040\000F\000a\000c\000t\000o\000r}{section.5}% 42
\BOOKMARK [2][-]{subsection.5.8}{\376\377\000C\000o\000m\000p\000u\000t\000a\000t\000i\000o\000n\000a\000l\000\040\000V\000a\000l\000i\000d\000a\000t\000i\000o\000n}{section.5}% 43
\BOOKMARK [1][-]{section.6}{\376\377\000C\000a\000t\000e\000g\000o\000r\000i\000c\000a\000l\000\040\000D\000i\000f\000f\000e\000r\000e\000n\000t\000i\000a\000l\000\040\000E\000q\000u\000a\000t\000i\000o\000n\000s}{}% 44
\BOOKMARK [2][-]{subsection.6.1}{\376\377\000T\000h\000e\000\040\000T\000r\000i\000p\000l\000e\000\040\000S\000t\000r\000u\000c\000t\000u\000r\000e}{section.6}% 45
\BOOKMARK [2][-]{subsection.6.2}{\376\377\000C\000a\000t\000e\000g\000o\000r\000i\000c\000a\000l\000\040\000D\000e\000r\000i\000v\000a\000t\000i\000v\000e\000s}{section.6}% 46
\BOOKMARK [2][-]{subsection.6.3}{\376\377\000P\000e\000n\000d\000u\000l\000u\000m\000\040\000D\000y\000n\000a\000m\000i\000c\000s\000\040\000i\000n\000\040\000C\000a\000t\000e\000g\000o\000r\000i\000c\000a\000l\000\040\000F\000o\000r\000m}{section.6}% 47
\BOOKMARK [2][-]{subsection.6.4}{\376\377\000G\000y\000r\000o\000m\000e\000t\000r\000i\000c\000\040\000D\000e\000r\000i\000v\000a\000t\000i\000v\000e\000s}{section.6}% 48
\BOOKMARK [2][-]{subsection.6.5}{\376\377\000H\000a\000m\000i\000l\000t\000o\000n\000i\000a\000n\000\040\000S\000t\000r\000u\000c\000t\000u\000r\000e}{section.6}% 49
\BOOKMARK [2][-]{subsection.6.6}{\376\377\000L\000i\000o\000u\000v\000i\000l\000l\000e\000'\000s\000\040\000T\000h\000e\000o\000r\000e\000m}{section.6}% 50
\BOOKMARK [2][-]{subsection.6.7}{\376\377\000C\000o\000m\000p\000u\000t\000a\000t\000i\000o\000n\000a\000l\000\040\000V\000a\000l\000i\000d\000a\000t\000i\000o\000n}{section.6}% 51
\BOOKMARK [1][-]{section.7}{\376\377\000C\000a\000t\000e\000g\000o\000r\000i\000c\000a\000l\000\040\000M\000e\000m\000o\000r\000y\000\040\000R\000e\000s\000e\000t}{}% 52
\BOOKMARK [2][-]{subsection.7.1}{\376\377\000H\000i\000s\000t\000o\000r\000y\000\040\000I\000n\000d\000e\000p\000e\000n\000d\000e\000n\000c\000e\000\040\000P\000r\000i\000n\000c\000i\000p\000l\000e}{section.7}% 53
\BOOKMARK [2][-]{subsection.7.2}{\376\377\000A\000n\000a\000l\000o\000g\000y\000\040\000t\000o\000\040\000C\000h\000r\000o\000m\000a\000t\000o\000g\000r\000a\000p\000h\000i\000c\000\040\000P\000l\000a\000t\000e\000\040\000T\000h\000e\000o\000r\000y}{section.7}% 54
\BOOKMARK [2][-]{subsection.7.3}{\376\377\000G\000e\000o\000m\000e\000t\000r\000i\000c\000\040\000E\000x\000c\000l\000u\000s\000i\000o\000n\000\040\000M\000e\000c\000h\000a\000n\000i\000s\000m}{section.7}% 55
\BOOKMARK [2][-]{subsection.7.4}{\376\377\000P\000e\000n\000d\000u\000l\000u\000m\000\040\000R\000e\000s\000t\000a\000r\000t\000\040\000I\000n\000t\000e\000r\000p\000r\000e\000t\000a\000t\000i\000o\000n}{section.7}% 56
\BOOKMARK [2][-]{subsection.7.5}{\376\377\000O\000x\000y\000g\000e\000n\000\040\000M\000a\000s\000t\000e\000r\000\040\000C\000l\000o\000c\000k\000\040\000a\000n\000d\000\040\000F\000r\000e\000q\000u\000e\000n\000c\000y\000\040\000P\000a\000r\000t\000i\000t\000i\000o\000n\000i\000n\000g}{section.7}% 57
\BOOKMARK [2][-]{subsection.7.6}{\376\377\000E\000f\000f\000i\000c\000i\000e\000n\000t\000\040\000C\000a\000p\000a\000c\000i\000t\000y}{section.7}% 58
\BOOKMARK [2][-]{subsection.7.7}{\376\377\000C\000o\000m\000p\000u\000t\000a\000t\000i\000o\000n\000a\000l\000\040\000V\000a\000l\000i\000d\000a\000t\000i\000o\000n}{section.7}% 59
\BOOKMARK [1][-]{section.8}{\376\377\000E\000l\000e\000c\000t\000r\000i\000c\000\040\000F\000i\000e\000l\000d\000\040\000M\000e\000c\000h\000a\000n\000i\000s\000m\000\040\000o\000f\000\040\000C\000e\000l\000l\000u\000l\000a\000r\000\040\000D\000y\000n\000a\000m\000i\000c\000s}{}% 60
\BOOKMARK [2][-]{subsection.8.1}{\376\377\000G\000e\000n\000o\000m\000e\000-\000M\000e\000m\000b\000r\000a\000n\000e\000\040\000E\000l\000e\000c\000t\000r\000i\000c\000\040\000C\000i\000r\000c\000u\000i\000t}{section.8}% 61
\BOOKMARK [2][-]{subsection.8.2}{\376\377\000E\000l\000e\000c\000t\000r\000i\000c\000\040\000F\000i\000e\000l\000d\000\040\000D\000i\000s\000t\000r\000i\000b\000u\000t\000i\000o\000n}{section.8}% 62
\BOOKMARK [2][-]{subsection.8.3}{\376\377\000O\000x\000y\000g\000e\000n\000\040\000M\000o\000l\000e\000c\000u\000l\000e\000\040\000D\000y\000n\000a\000m\000i\000c\000s\000\040\000i\000n\000\040\000E\000l\000e\000c\000t\000r\000i\000c\000\040\000F\000i\000e\000l\000d\000s}{section.8}% 63
\BOOKMARK [2][-]{subsection.8.4}{\376\377\000S\000t\000e\000r\000i\000c\000\040\000F\000i\000e\000l\000d\000\040\000f\000r\000o\000m\000\040\000P\000r\000o\000t\000e\000i\000n\000\040\000C\000r\000o\000w\000d\000i\000n\000g}{section.8}% 64
\BOOKMARK [2][-]{subsection.8.5}{\376\377\000E\000l\000e\000c\000t\000r\000o\000n\000\040\000C\000a\000s\000c\000a\000d\000e\000\040\000C\000o\000n\000d\000u\000c\000t\000i\000v\000i\000t\000y}{section.8}% 65
\BOOKMARK [2][-]{subsection.8.6}{\376\377\000O\000x\000y\000g\000e\000n\000\040\000C\000l\000o\000c\000k\000\040\000S\000y\000n\000c\000h\000r\000o\000n\000i\000z\000a\000t\000i\000o\000n}{section.8}% 66
\BOOKMARK [2][-]{subsection.8.7}{\376\377\000I\000n\000t\000e\000g\000r\000a\000t\000e\000d\000\040\000C\000i\000r\000c\000u\000i\000t\000\040\000D\000y\000n\000a\000m\000i\000c\000s}{section.8}% 67
\BOOKMARK [2][-]{subsection.8.8}{\376\377\000V\000o\000l\000u\000m\000e\000-\000p\000H\000-\000A\000T\000P\000\040\000C\000o\000u\000p\000l\000i\000n\000g\000\040\000T\000h\000r\000o\000u\000g\000h\000\040\000E\000l\000e\000c\000t\000r\000i\000c\000\040\000F\000i\000e\000l\000d\000s}{section.8}% 68
\BOOKMARK [2][-]{subsection.8.9}{\376\377\000P\000o\000w\000e\000r\000\040\000S\000p\000e\000c\000t\000r\000u\000m\000\040\000o\000f\000\040\000I\000n\000t\000e\000g\000r\000a\000t\000e\000d\000\040\000C\000i\000r\000c\000u\000i\000t}{section.8}% 69
\BOOKMARK [2][-]{subsection.8.10}{\376\377\000I\000m\000p\000l\000i\000c\000a\000t\000i\000o\000n\000s\000\040\000f\000o\000r\000\040\000D\000i\000s\000e\000a\000s\000e\000\040\000D\000y\000n\000a\000m\000i\000c\000s}{section.8}% 70
\BOOKMARK [2][-]{subsection.8.11}{\376\377\000C\000o\000m\000p\000u\000t\000a\000t\000i\000o\000n\000a\000l\000\040\000V\000a\000l\000i\000d\000a\000t\000i\000o\000n}{section.8}% 71
\BOOKMARK [1][-]{section.9}{\376\377\000P\000r\000o\000t\000o\000n\000-\000E\000l\000e\000c\000t\000r\000o\000n\000\040\000C\000o\000u\000p\000l\000i\000n\000g\000\040\000a\000n\000d\000\040\000M\000e\000m\000b\000r\000a\000n\000e\000\040\000S\000c\000a\000f\000f\000o\000l\000d\000i\000n\000g}{}% 72
\BOOKMARK [2][-]{subsection.9.1}{\376\377\000C\000h\000a\000r\000g\000e\000\040\000B\000a\000l\000a\000n\000c\000e\000\040\000i\000n\000\040\000D\000i\000s\000e\000a\000s\000e\000\040\000S\000t\000a\000t\000e\000s}{section.9}% 73
\BOOKMARK [2][-]{subsection.9.2}{\376\377\000M\000e\000m\000b\000r\000a\000n\000e\000\040\000C\000o\000m\000p\000o\000s\000i\000t\000i\000o\000n\000\040\000A\000l\000t\000e\000r\000a\000t\000i\000o\000n\000s\000\040\000i\000n\000\040\000D\000i\000s\000e\000a\000s\000e}{section.9}% 74
\BOOKMARK [2][-]{subsection.9.3}{\376\377\000C\000u\000r\000v\000a\000t\000u\000r\000e\000\040\000D\000e\000f\000e\000c\000t\000s\000\040\000a\000n\000d\000\040\000T\000r\000a\000n\000s\000p\000o\000r\000t\000e\000r\000\040\000D\000y\000s\000f\000u\000n\000c\000t\000i\000o\000n}{section.9}% 75
\BOOKMARK [2][-]{subsection.9.4}{\376\377\000G\000e\000o\000m\000e\000t\000r\000i\000c\000\040\000A\000p\000e\000r\000t\000u\000r\000e\000\040\000D\000y\000s\000f\000u\000n\000c\000t\000i\000o\000n}{section.9}% 76
\BOOKMARK [2][-]{subsection.9.5}{\376\377\000M\000e\000t\000a\000b\000o\000l\000i\000c\000\040\000C\000o\000s\000t\000\040\000D\000y\000s\000r\000e\000g\000u\000l\000a\000t\000i\000o\000n}{section.9}% 77
\BOOKMARK [2][-]{subsection.9.6}{\376\377\000P\000h\000a\000s\000e\000\040\000B\000e\000h\000a\000v\000i\000o\000r\000\040\000D\000i\000s\000r\000u\000p\000t\000i\000o\000n}{section.9}% 78
\BOOKMARK [2][-]{subsection.9.7}{\376\377\000C\000a\000s\000c\000a\000d\000e\000\040\000V\000e\000l\000o\000c\000i\000t\000y\000\040\000A\000l\000t\000e\000r\000a\000t\000i\000o\000n\000s}{section.9}% 79
\BOOKMARK [2][-]{subsection.9.8}{\376\377\000T\000h\000e\000r\000a\000p\000e\000u\000t\000i\000c\000\040\000R\000e\000s\000t\000o\000r\000a\000t\000i\000o\000n\000\040\000S\000t\000r\000a\000t\000e\000g\000i\000e\000s}{section.9}% 80
\BOOKMARK [2][-]{subsection.9.9}{\376\377\000D\000i\000s\000e\000a\000s\000e\000\040\000P\000r\000o\000g\000r\000e\000s\000s\000i\000o\000n\000\040\000a\000n\000d\000\040\000C\000i\000r\000c\000u\000i\000t\000\040\000F\000a\000i\000l\000u\000r\000e}{section.9}% 81
\BOOKMARK [1][-]{section.10}{\376\377\000C\000i\000r\000c\000u\000i\000t\000\040\000D\000y\000n\000a\000m\000i\000c\000s\000\040\000a\000n\000d\000\040\000G\000e\000o\000m\000e\000t\000r\000i\000c\000\040\000P\000a\000t\000h\000o\000l\000o\000g\000y}{}% 82
\BOOKMARK [2][-]{subsection.10.1}{\376\377\000C\000h\000a\000r\000g\000e\000-\000t\000o\000-\000G\000e\000o\000m\000e\000t\000r\000y\000\040\000C\000o\000u\000p\000l\000i\000n\000g\000\040\000i\000n\000\040\000D\000i\000s\000e\000a\000s\000e}{section.10}% 83
\BOOKMARK [2][-]{subsection.10.2}{\376\377\000I\000m\000p\000a\000i\000r\000e\000d\000\040\000W\000o\000r\000k\000\040\000T\000r\000a\000n\000s\000d\000u\000c\000t\000i\000o\000n}{section.10}% 84
\BOOKMARK [2][-]{subsection.10.3}{\376\377\000V\000o\000l\000u\000m\000e\000\040\000O\000s\000c\000i\000l\000l\000a\000t\000i\000o\000n\000\040\000D\000i\000s\000r\000u\000p\000t\000i\000o\000n}{section.10}% 85
\BOOKMARK [2][-]{subsection.10.4}{\376\377\000S\000p\000a\000t\000i\000a\000l\000\040\000P\000a\000t\000t\000e\000r\000n\000\040\000D\000i\000s\000r\000u\000p\000t\000i\000o\000n}{section.10}% 86
\BOOKMARK [2][-]{subsection.10.5}{\376\377\000O\0002\000\040\000C\000l\000o\000c\000k\000\040\000D\000e\000s\000y\000n\000c\000h\000r\000o\000n\000i\000z\000a\000t\000i\000o\000n}{section.10}% 87
\BOOKMARK [2][-]{subsection.10.6}{\376\377\000T\000r\000a\000n\000s\000p\000o\000r\000t\000e\000r\000\040\000C\000o\000n\000f\000o\000r\000m\000a\000t\000i\000o\000n\000a\000l\000\040\000P\000a\000t\000h\000o\000l\000o\000g\000y}{section.10}% 88
\BOOKMARK [2][-]{subsection.10.7}{\376\377\000G\000e\000n\000o\000m\000e\000\040\000D\000e\000f\000o\000r\000m\000a\000t\000i\000o\000n\000\040\000P\000a\000t\000h\000o\000l\000o\000g\000y}{section.10}% 89
\BOOKMARK [2][-]{subsection.10.8}{\376\377\000C\000o\000u\000p\000l\000e\000d\000\040\000D\000y\000n\000a\000m\000i\000c\000s\000\040\000F\000a\000i\000l\000u\000r\000e}{section.10}% 90
\BOOKMARK [2][-]{subsection.10.9}{\376\377\000E\000n\000e\000r\000g\000y\000\040\000D\000i\000s\000s\000i\000p\000a\000t\000i\000o\000n\000\040\000v\000s\000\040\000T\000r\000a\000n\000s\000d\000u\000c\000t\000i\000o\000n}{section.10}% 91
\BOOKMARK [2][-]{subsection.10.10}{\376\377\000T\000h\000e\000r\000a\000p\000e\000u\000t\000i\000c\000\040\000R\000e\000s\000t\000o\000r\000a\000t\000i\000o\000n\000\040\000o\000f\000\040\000G\000e\000o\000m\000e\000t\000r\000y}{section.10}% 92
\BOOKMARK [2][-]{subsection.10.11}{\376\377\000D\000i\000s\000e\000a\000s\000e\000\040\000T\000r\000a\000j\000e\000c\000t\000o\000r\000y\000\040\000a\000n\000d\000\040\000G\000e\000o\000m\000e\000t\000r\000i\000c\000\040\000C\000o\000l\000l\000a\000p\000s\000e}{section.10}% 93
\BOOKMARK [2][-]{subsection.10.12}{\376\377\000I\000n\000t\000e\000g\000r\000a\000t\000i\000o\000n\000\040\000w\000i\000t\000h\000\040\000D\000i\000s\000e\000a\000s\000e\000\040\000S\000t\000a\000t\000e\000\040\000E\000q\000u\000a\000t\000i\000o\000n\000s}{section.10}% 94
\BOOKMARK [1][-]{section.11}{\376\377\000R\000e\000s\000o\000l\000u\000t\000i\000o\000n\000\040\000o\000f\000\040\000t\000h\000e\000\040\000C\000y\000t\000o\000p\000l\000a\000s\000m\000i\000c\000\040\000S\000t\000a\000t\000e\000\040\000P\000a\000r\000a\000d\000o\000x\000\040\000i\000n\000\040\000D\000i\000s\000e\000a\000s\000e}{}% 95
\BOOKMARK [2][-]{subsection.11.1}{\376\377\000D\000i\000s\000e\000a\000s\000e\000\040\000a\000s\000\040\000C\000o\000m\000p\000a\000r\000t\000m\000e\000n\000t\000a\000l\000i\000z\000a\000t\000i\000o\000n\000\040\000F\000a\000i\000l\000u\000r\000e}{section.11}% 96
\BOOKMARK [2][-]{subsection.11.2}{\376\377\000T\000h\000e\000\040\000C\000o\000m\000p\000a\000r\000t\000m\000e\000n\000t\000a\000l\000i\000z\000a\000t\000i\000o\000n\000\040\000F\000a\000i\000l\000u\000r\000e\000\040\000E\000q\000u\000a\000t\000i\000o\000n}{section.11}% 97
\BOOKMARK [2][-]{subsection.11.3}{\376\377\000P\000r\000o\000t\000e\000i\000n\000\040\000A\000g\000g\000r\000e\000g\000a\000t\000i\000o\000n\000\040\000a\000s\000\040\000C\000o\000m\000p\000a\000r\000t\000m\000e\000n\000t\000\040\000D\000i\000s\000r\000u\000p\000t\000i\000o\000n}{section.11}% 98
\BOOKMARK [2][-]{subsection.11.4}{\376\377\000C\000a\000n\000c\000e\000r\000\040\000a\000s\000\040\000H\000y\000p\000e\000r\000c\000o\000m\000p\000a\000r\000t\000m\000e\000n\000t\000a\000l\000i\000z\000a\000t\000i\000o\000n}{section.11}% 99
\BOOKMARK [2][-]{subsection.11.5}{\376\377\000A\000g\000i\000n\000g\000\040\000a\000s\000\040\000C\000o\000m\000p\000a\000r\000t\000m\000e\000n\000t\000\040\000S\000l\000o\000w\000i\000n\000g}{section.11}% 100
\BOOKMARK [2][-]{subsection.11.6}{\376\377\000M\000e\000t\000a\000b\000o\000l\000i\000c\000\040\000D\000i\000s\000e\000a\000s\000e\000\040\000a\000s\000\040\000A\000T\000P\000-\000L\000i\000m\000i\000t\000e\000d\000\040\000C\000o\000m\000p\000a\000r\000t\000m\000e\000n\000t\000a\000l\000i\000z\000a\000t\000i\000o\000n}{section.11}% 101
\BOOKMARK [2][-]{subsection.11.7}{\376\377\000T\000h\000e\000r\000a\000p\000e\000u\000t\000i\000c\000\040\000R\000e\000s\000t\000o\000r\000a\000t\000i\000o\000n\000\040\000o\000f\000\040\000C\000o\000m\000p\000a\000r\000t\000m\000e\000n\000t\000a\000l\000i\000z\000a\000t\000i\000o\000n}{section.11}% 102
\BOOKMARK [3][-]{subsubsection.11.7.1}{\376\377\0001\000.\000\040\000C\000h\000a\000r\000g\000e\000\040\000B\000a\000l\000a\000n\000c\000e\000\040\000R\000e\000s\000t\000o\000r\000a\000t\000i\000o\000n}{subsection.11.7}% 103
\BOOKMARK [3][-]{subsubsection.11.7.2}{\376\377\0002\000.\000\040\000F\000r\000e\000q\000u\000e\000n\000c\000y\000\040\000R\000e\000s\000t\000o\000r\000a\000t\000i\000o\000n}{subsection.11.7}% 104
\BOOKMARK [3][-]{subsubsection.11.7.3}{\376\377\0003\000.\000\040\000L\000i\000p\000i\000d\000\040\000C\000o\000m\000p\000o\000s\000i\000t\000i\000o\000n\000\040\000R\000e\000s\000t\000o\000r\000a\000t\000i\000o\000n}{subsection.11.7}% 105
\BOOKMARK [3][-]{subsubsection.11.7.4}{\376\377\0004\000.\000\040\000A\000g\000g\000r\000e\000g\000a\000t\000e\000\040\000C\000l\000e\000a\000r\000a\000n\000c\000e}{subsection.11.7}% 106
\BOOKMARK [2][-]{subsection.11.8}{\376\377\000E\000x\000p\000e\000r\000i\000m\000e\000n\000t\000a\000l\000\040\000P\000r\000e\000d\000i\000c\000t\000i\000o\000n\000s\000\040\000f\000o\000r\000\040\000D\000i\000s\000e\000a\000s\000e}{section.11}% 107
\BOOKMARK [2][-]{subsection.11.9}{\376\377\000R\000e\000i\000n\000t\000e\000r\000p\000r\000e\000t\000a\000t\000i\000o\000n\000\040\000o\000f\000\040\000P\000a\000t\000h\000o\000l\000o\000g\000i\000c\000a\000l\000\040\000O\000b\000s\000e\000r\000v\000a\000t\000i\000o\000n\000s}{section.11}% 108
\BOOKMARK [2][-]{subsection.11.10}{\376\377\000I\000m\000p\000l\000i\000c\000a\000t\000i\000o\000n\000s\000\040\000f\000o\000r\000\040\000D\000i\000s\000e\000a\000s\000e\000\040\000C\000l\000a\000s\000s\000i\000f\000i\000c\000a\000t\000i\000o\000n}{section.11}% 109
\BOOKMARK [2][-]{subsection.11.11}{\376\377\000C\000o\000n\000n\000e\000c\000t\000i\000o\000n\000\040\000t\000o\000\040\000D\000i\000s\000e\000a\000s\000e\000\040\000S\000t\000a\000t\000e\000\040\000E\000q\000u\000a\000t\000i\000o\000n}{section.11}% 110
\BOOKMARK [1][-]{section.12}{\376\377\000P\000r\000o\000t\000e\000i\000n\000\040\000F\000u\000n\000c\000t\000i\000o\000n\000\040\000a\000s\000\040\000C\000h\000a\000r\000g\000e\000/\000G\000e\000o\000m\000e\000t\000r\000y\000\040\000B\000a\000l\000a\000n\000c\000i\000n\000g\000\040\000i\000n\000\040\000D\000i\000s\000e\000a\000s\000e}{}% 111
\BOOKMARK [2][-]{subsection.12.1}{\376\377\000D\000i\000s\000e\000a\000s\000e\000\040\000P\000r\000o\000t\000e\000i\000n\000s\000\040\000a\000s\000\040\000C\000i\000r\000c\000u\000i\000t\000\040\000B\000a\000l\000a\000n\000c\000i\000n\000g\000\040\000A\000t\000t\000e\000m\000p\000t\000s}{section.12}% 112
\BOOKMARK [2][-]{subsection.12.2}{\376\377\000O\000n\000c\000o\000p\000r\000o\000t\000e\000i\000n\000s\000\040\000a\000s\000\040\000H\000y\000p\000e\000r\000c\000h\000a\000r\000g\000e\000\040\000B\000a\000l\000a\000n\000c\000e\000r\000s}{section.12}% 113
\BOOKMARK [3][-]{subsubsection.12.2.1}{\376\377\000T\000h\000e\000\040\000O\000n\000c\000o\000g\000e\000n\000i\000c\000\040\000C\000h\000a\000r\000g\000e\000\040\000I\000m\000b\000a\000l\000a\000n\000c\000e}{subsection.12.2}% 114
\BOOKMARK [3][-]{subsubsection.12.2.2}{\376\377\000O\000n\000c\000o\000p\000r\000o\000t\000e\000i\000n\000\040\000P\000r\000o\000d\000u\000c\000t\000i\000o\000n\000\040\000a\000s\000\040\000B\000a\000l\000a\000n\000c\000i\000n\000g\000\040\000R\000e\000s\000p\000o\000n\000s\000e}{subsection.12.2}% 115
\BOOKMARK [2][-]{subsection.12.3}{\376\377\000T\000u\000m\000o\000r\000\040\000S\000u\000p\000p\000r\000e\000s\000s\000o\000r\000s\000\040\000a\000s\000\040\000C\000h\000a\000r\000g\000e\000\040\000R\000e\000g\000u\000l\000a\000t\000o\000r\000s}{section.12}% 116
\BOOKMARK [2][-]{subsection.12.4}{\376\377\000M\000i\000s\000f\000o\000l\000d\000e\000d\000\040\000P\000r\000o\000t\000e\000i\000n\000s\000\040\000a\000s\000\040\000C\000h\000a\000r\000g\000e\000/\000G\000e\000o\000m\000e\000t\000r\000y\000\040\000M\000i\000s\000m\000a\000t\000c\000h\000e\000s}{section.12}% 117
\BOOKMARK [3][-]{subsubsection.12.4.1}{\376\377\000W\000h\000y\000\040\000P\000r\000o\000t\000e\000i\000n\000s\000\040\000M\000i\000s\000f\000o\000l\000d}{subsection.12.4}% 118
\BOOKMARK [3][-]{subsubsection.12.4.2}{\376\377\000W\000h\000y\000\040\000M\000i\000s\000f\000o\000l\000d\000e\000d\000\040\000P\000r\000o\000t\000e\000i\000n\000s\000\040\000A\000g\000g\000r\000e\000g\000a\000t\000e}{subsection.12.4}% 119
\BOOKMARK [2][-]{subsection.12.5}{\376\377\000C\000h\000a\000p\000e\000r\000o\000n\000e\000\040\000U\000p\000r\000e\000g\000u\000l\000a\000t\000i\000o\000n\000\040\000i\000n\000\040\000D\000i\000s\000e\000a\000s\000e}{section.12}% 120
\BOOKMARK [2][-]{subsection.12.6}{\376\377\000P\000o\000s\000t\000-\000T\000r\000a\000n\000s\000l\000a\000t\000i\000o\000n\000a\000l\000\040\000M\000o\000d\000i\000f\000i\000c\000a\000t\000i\000o\000n\000s\000\040\000a\000s\000\040\000D\000y\000n\000a\000m\000i\000c\000\040\000C\000h\000a\000r\000g\000e\000\040\000B\000a\000l\000a\000n\000c\000i\000n\000g}{section.12}% 121
\BOOKMARK [2][-]{subsection.12.7}{\376\377\000K\000i\000n\000a\000s\000e\000\040\000C\000a\000s\000c\000a\000d\000e\000s\000\040\000a\000s\000\040\000C\000h\000a\000r\000g\000e\000\040\000A\000m\000p\000l\000i\000f\000i\000c\000a\000t\000i\000o\000n}{section.12}% 122
\BOOKMARK [2][-]{subsection.12.8}{\376\377\000T\000h\000e\000\040\000I\000s\000o\000f\000o\000r\000m\000\040\000S\000w\000i\000t\000c\000h\000\040\000i\000n\000\040\000D\000i\000s\000e\000a\000s\000e}{section.12}% 123
\BOOKMARK [2][-]{subsection.12.9}{\376\377\000E\000n\000z\000y\000m\000e\000\040\000D\000y\000s\000f\000u\000n\000c\000t\000i\000o\000n\000\040\000a\000s\000\040\000C\000i\000r\000c\000u\000i\000t\000\040\000M\000i\000s\000m\000a\000t\000c\000h}{section.12}% 124
\BOOKMARK [2][-]{subsection.12.10}{\376\377\000T\000h\000e\000r\000a\000p\000e\000u\000t\000i\000c\000\040\000P\000r\000o\000t\000e\000i\000n\000\040\000T\000a\000r\000g\000e\000t\000i\000n\000g\000\040\000R\000e\000i\000n\000t\000e\000r\000p\000r\000e\000t\000e\000d}{section.12}% 125
\BOOKMARK [3][-]{subsubsection.12.10.1}{\376\377\000W\000h\000y\000\040\000S\000o\000m\000e\000\040\000D\000r\000u\000g\000s\000\040\000W\000o\000r\000k\000\040\000D\000e\000s\000p\000i\000t\000e\000\040\000P\000o\000o\000r\000\040\000T\000a\000r\000g\000e\000t\000\040\000E\000n\000g\000a\000g\000e\000m\000e\000n\000t}{subsection.12.10}% 126
\BOOKMARK [3][-]{subsubsection.12.10.2}{\376\377\000W\000h\000y\000\040\000S\000o\000m\000e\000\040\000D\000r\000u\000g\000s\000\040\000F\000a\000i\000l\000\040\000D\000e\000s\000p\000i\000t\000e\000\040\000E\000x\000c\000e\000l\000l\000e\000n\000t\000\040\000T\000a\000r\000g\000e\000t\000\040\000E\000n\000g\000a\000g\000e\000m\000e\000n\000t}{subsection.12.10}% 127
\BOOKMARK [2][-]{subsection.12.11}{\376\377\000C\000o\000m\000b\000i\000n\000a\000t\000i\000o\000n\000\040\000T\000h\000e\000r\000a\000p\000y\000\040\000a\000s\000\040\000M\000u\000l\000t\000i\000-\000C\000o\000m\000p\000o\000n\000e\000n\000t\000\040\000B\000a\000l\000a\000n\000c\000i\000n\000g}{section.12}% 128
\BOOKMARK [2][-]{subsection.12.12}{\376\377\000B\000i\000o\000m\000a\000r\000k\000e\000r\000s\000\040\000a\000s\000\040\000C\000i\000r\000c\000u\000i\000t\000\040\000S\000t\000a\000t\000e\000\040\000I\000n\000d\000i\000c\000a\000t\000o\000r\000s}{section.12}% 129
\BOOKMARK [2][-]{subsection.12.13}{\376\377\000E\000x\000p\000e\000r\000i\000m\000e\000n\000t\000a\000l\000\040\000P\000r\000e\000d\000i\000c\000t\000i\000o\000n\000s\000\040\000f\000o\000r\000\040\000D\000i\000s\000e\000a\000s\000e\000\040\000P\000r\000o\000t\000e\000i\000n\000s}{section.12}% 130
\BOOKMARK [2][-]{subsection.12.14}{\376\377\000I\000m\000p\000l\000i\000c\000a\000t\000i\000o\000n\000s\000\040\000f\000o\000r\000\040\000P\000r\000e\000c\000i\000s\000i\000o\000n\000\040\000M\000e\000d\000i\000c\000i\000n\000e}{section.12}% 131
\BOOKMARK [2][-]{subsection.12.15}{\376\377\000C\000o\000n\000n\000e\000c\000t\000i\000o\000n\000\040\000t\000o\000\040\000T\000h\000e\000r\000a\000p\000e\000u\000t\000i\000c\000\040\000E\000q\000u\000a\000t\000i\000o\000n\000s\000\040\000o\000f\000\040\000S\000t\000a\000t\000e}{section.12}% 132
\BOOKMARK [2][-]{subsection.12.16}{\376\377\000R\000e\000i\000n\000t\000e\000r\000p\000r\000e\000t\000a\000t\000i\000o\000n\000\040\000o\000f\000\040\000D\000i\000s\000e\000a\000s\000e\000\040\000P\000r\000o\000t\000e\000i\000n\000\040\000P\000h\000e\000n\000o\000m\000e\000n\000a}{section.12}% 133
\BOOKMARK [1][-]{section.13}{\376\377\000P\000a\000t\000h\000o\000l\000o\000g\000i\000c\000a\000l\000\040\000E\000q\000u\000a\000t\000i\000o\000n\000s\000\040\000o\000f\000\040\000S\000t\000a\000t\000e}{}% 134
\BOOKMARK [2][-]{subsection.13.1}{\376\377\000T\000h\000e\000\040\000F\000u\000n\000d\000a\000m\000e\000n\000t\000a\000l\000\040\000P\000r\000o\000b\000l\000e\000m}{section.13}% 135
\BOOKMARK [2][-]{subsection.13.2}{\376\377\000C\000a\000t\000e\000g\000o\000r\000i\000c\000a\000l\000\040\000R\000i\000c\000h\000n\000e\000s\000s}{section.13}% 136
\BOOKMARK [2][-]{subsection.13.3}{\376\377\000O\000s\000c\000i\000l\000l\000a\000t\000o\000r\000y\000\040\000S\000t\000a\000t\000i\000s\000t\000i\000c\000s}{section.13}% 137
\BOOKMARK [2][-]{subsection.13.4}{\376\377\000T\000h\000e\000\040\000D\000i\000s\000e\000a\000s\000e\000\040\000S\000t\000a\000t\000e\000\040\000E\000q\000u\000a\000t\000i\000o\000n}{section.13}% 138
\BOOKMARK [2][-]{subsection.13.5}{\376\377\000T\000h\000e\000\040\000S\000u\000r\000v\000e\000i\000l\000l\000a\000n\000c\000e\000\040\000B\000l\000i\000n\000d\000\040\000S\000p\000o\000t}{section.13}% 139
\BOOKMARK [2][-]{subsection.13.6}{\376\377\000P\000h\000y\000s\000i\000o\000l\000o\000g\000i\000c\000a\000l\000\040\000v\000s\000\040\000P\000a\000t\000h\000o\000l\000o\000g\000i\000c\000a\000l\000\040\000B\000a\000s\000e\000l\000i\000n\000e\000s}{section.13}% 140
\BOOKMARK [2][-]{subsection.13.7}{\376\377\000E\000n\000e\000r\000g\000y\000\040\000L\000a\000n\000d\000s\000c\000a\000p\000e\000\040\000I\000n\000t\000e\000r\000p\000r\000e\000t\000a\000t\000i\000o\000n}{section.13}% 141
\BOOKMARK [1][-]{section.14}{\376\377\000D\000i\000s\000e\000a\000s\000e\000\040\000C\000a\000t\000e\000g\000o\000r\000i\000e\000s}{}% 142
\BOOKMARK [2][-]{subsection.14.1}{\376\377\000O\000s\000c\000i\000l\000l\000a\000t\000o\000r\000y\000\040\000H\000o\000l\000e\000s}{section.14}% 143
\BOOKMARK [2][-]{subsection.14.2}{\376\377\000G\000e\000n\000e\000t\000i\000c\000\040\000D\000i\000s\000e\000a\000s\000e\000\040\000C\000l\000a\000s\000s\000i\000f\000i\000c\000a\000t\000i\000o\000n}{section.14}% 144
\BOOKMARK [2][-]{subsection.14.3}{\376\377\000I\000n\000f\000e\000c\000t\000i\000o\000u\000s\000\040\000D\000i\000s\000e\000a\000s\000e\000\040\000C\000l\000a\000s\000s\000i\000f\000i\000c\000a\000t\000i\000o\000n}{section.14}% 145
\BOOKMARK [2][-]{subsection.14.4}{\376\377\000M\000e\000t\000a\000b\000o\000l\000i\000c\000\040\000D\000i\000s\000e\000a\000s\000e\000\040\000C\000l\000a\000s\000s\000i\000f\000i\000c\000a\000t\000i\000o\000n}{section.14}% 146
\BOOKMARK [2][-]{subsection.14.5}{\376\377\000N\000e\000u\000r\000o\000d\000e\000g\000e\000n\000e\000r\000a\000t\000i\000v\000e\000\040\000D\000i\000s\000e\000a\000s\000e\000\040\000C\000l\000a\000s\000s\000i\000f\000i\000c\000a\000t\000i\000o\000n}{section.14}% 147
\BOOKMARK [2][-]{subsection.14.6}{\376\377\000C\000a\000n\000c\000e\000r\000\040\000C\000l\000a\000s\000s\000i\000f\000i\000c\000a\000t\000i\000o\000n}{section.14}% 148
\BOOKMARK [2][-]{subsection.14.7}{\376\377\000A\000u\000t\000o\000i\000m\000m\000u\000n\000e\000\040\000D\000i\000s\000e\000a\000s\000e\000\040\000C\000l\000a\000s\000s\000i\000f\000i\000c\000a\000t\000i\000o\000n}{section.14}% 149
\BOOKMARK [2][-]{subsection.14.8}{\376\377\000U\000n\000i\000f\000i\000e\000d\000\040\000D\000i\000s\000e\000a\000s\000e\000\040\000T\000a\000x\000o\000n\000o\000m\000y}{section.14}% 150
\BOOKMARK [1][-]{section.15}{\376\377\000I\000m\000m\000u\000n\000e\000\040\000E\000q\000u\000a\000t\000i\000o\000n\000s\000\040\000o\000f\000\040\000S\000t\000a\000t\000e}{}% 151
\BOOKMARK [2][-]{subsection.15.1}{\376\377\000T\000h\000e\000\040\000S\000e\000l\000f\000-\000N\000o\000n\000s\000e\000l\000f\000\040\000D\000i\000s\000c\000r\000i\000m\000i\000n\000a\000t\000i\000o\000n\000\040\000P\000r\000o\000b\000l\000e\000m}{section.15}% 152
\BOOKMARK [2][-]{subsection.15.2}{\376\377\000M\000H\000C\000\040\000a\000s\000\040\000C\000a\000t\000e\000g\000o\000r\000i\000c\000a\000l\000\040\000A\000p\000e\000r\000t\000u\000r\000e}{section.15}% 153
\BOOKMARK [2][-]{subsection.15.3}{\376\377\000V\000D\000J\000\040\000R\000e\000c\000o\000m\000b\000i\000n\000a\000t\000i\000o\000n\000\040\000a\000s\000\040\000T\000e\000r\000n\000a\000r\000y\000\040\000H\000i\000e\000r\000a\000r\000c\000h\000y}{section.15}% 154
\BOOKMARK [2][-]{subsection.15.4}{\376\377\000I\000m\000m\000u\000n\000e\000\040\000R\000e\000s\000p\000o\000n\000s\000e\000\040\000D\000y\000n\000a\000m\000i\000c\000s}{section.15}% 155
\BOOKMARK [2][-]{subsection.15.5}{\376\377\000I\000m\000m\000u\000n\000e\000\040\000T\000o\000l\000e\000r\000a\000n\000c\000e}{section.15}% 156
\BOOKMARK [2][-]{subsection.15.6}{\376\377\000I\000m\000m\000u\000n\000e\000\040\000E\000q\000u\000a\000t\000i\000o\000n\000\040\000o\000f\000\040\000S\000t\000a\000t\000e}{section.15}% 157
\BOOKMARK [2][-]{subsection.15.7}{\376\377\000V\000a\000c\000c\000i\000n\000a\000t\000i\000o\000n\000\040\000P\000r\000i\000n\000c\000i\000p\000l\000e\000s}{section.15}% 158
\BOOKMARK [2][-]{subsection.15.8}{\376\377\000C\000o\000m\000p\000u\000t\000a\000t\000i\000o\000n\000a\000l\000\040\000V\000a\000l\000i\000d\000a\000t\000i\000o\000n}{section.15}% 159
\BOOKMARK [1][-]{section.16}{\376\377\000T\000h\000e\000r\000a\000p\000e\000u\000t\000i\000c\000\040\000E\000q\000u\000a\000t\000i\000o\000n\000s\000\040\000o\000f\000\040\000S\000t\000a\000t\000e}{}% 160
\BOOKMARK [2][-]{subsection.16.1}{\376\377\000P\000h\000a\000s\000e\000-\000L\000o\000c\000k\000i\000n\000g\000\040\000R\000e\000s\000t\000o\000r\000a\000t\000i\000o\000n}{section.16}% 161
\BOOKMARK [2][-]{subsection.16.2}{\376\377\000D\000o\000s\000e\000-\000R\000e\000s\000p\000o\000n\000s\000e\000\040\000R\000e\000l\000a\000t\000i\000o\000n\000s\000h\000i\000p\000s}{section.16}% 162
\BOOKMARK [2][-]{subsection.16.3}{\376\377\000P\000h\000a\000r\000m\000a\000c\000o\000k\000i\000n\000e\000t\000i\000c\000\040\000E\000q\000u\000a\000t\000i\000o\000n\000s}{section.16}% 163
\BOOKMARK [2][-]{subsection.16.4}{\376\377\000R\000i\000c\000h\000n\000e\000s\000s\000-\000R\000e\000s\000t\000o\000r\000i\000n\000g\000\040\000T\000h\000e\000r\000a\000p\000i\000e\000s}{section.16}% 164
\BOOKMARK [2][-]{subsection.16.5}{\376\377\000F\000r\000e\000q\000u\000e\000n\000c\000y\000-\000M\000o\000d\000u\000l\000a\000t\000i\000n\000g\000\040\000T\000h\000e\000r\000a\000p\000i\000e\000s}{section.16}% 165
\BOOKMARK [2][-]{subsection.16.6}{\376\377\000C\000o\000m\000b\000i\000n\000a\000t\000i\000o\000n\000\040\000T\000h\000e\000r\000a\000p\000y}{section.16}% 166
\BOOKMARK [2][-]{subsection.16.7}{\376\377\000R\000e\000s\000i\000s\000t\000a\000n\000c\000e\000\040\000M\000e\000c\000h\000a\000n\000i\000s\000m\000s}{section.16}% 167
\BOOKMARK [2][-]{subsection.16.8}{\376\377\000T\000h\000e\000r\000a\000p\000e\000u\000t\000i\000c\000\040\000E\000q\000u\000a\000t\000i\000o\000n\000\040\000o\000f\000\040\000S\000t\000a\000t\000e}{section.16}% 168
\BOOKMARK [2][-]{subsection.16.9}{\376\377\000C\000o\000m\000p\000u\000t\000a\000t\000i\000o\000n\000a\000l\000\040\000V\000a\000l\000i\000d\000a\000t\000i\000o\000n}{section.16}% 169
\BOOKMARK [1][-]{section.17}{\376\377\000P\000h\000a\000s\000e\000\040\000C\000o\000h\000e\000r\000e\000n\000c\000e\000\040\000a\000n\000d\000\040\000S\000y\000n\000c\000h\000r\000o\000n\000i\000z\000a\000t\000i\000o\000n}{}% 170
\BOOKMARK [2][-]{subsection.17.1}{\376\377\000O\000r\000d\000e\000r\000\040\000P\000a\000r\000a\000m\000e\000t\000e\000r}{section.17}% 171
\BOOKMARK [2][-]{subsection.17.2}{\376\377\000K\000u\000r\000a\000m\000o\000t\000o\000\040\000M\000o\000d\000e\000l}{section.17}% 172
\BOOKMARK [2][-]{subsection.17.3}{\376\377\000O\000x\000y\000g\000e\000n\000\040\000M\000a\000s\000t\000e\000r\000\040\000C\000l\000o\000c\000k\000\040\000C\000o\000u\000p\000l\000i\000n\000g}{section.17}% 173
\BOOKMARK [2][-]{subsection.17.4}{\376\377\000P\000h\000a\000s\000e\000\040\000C\000o\000h\000e\000r\000e\000n\000c\000e\000\040\000i\000n\000\040\000D\000i\000s\000e\000a\000s\000e}{section.17}% 174
\BOOKMARK [2][-]{subsection.17.5}{\376\377\000T\000h\000e\000r\000a\000p\000e\000u\000t\000i\000c\000\040\000C\000o\000h\000e\000r\000e\000n\000c\000e\000\040\000R\000e\000s\000t\000o\000r\000a\000t\000i\000o\000n}{section.17}% 175
\BOOKMARK [2][-]{subsection.17.6}{\376\377\000C\000h\000i\000m\000e\000r\000a\000\040\000S\000t\000a\000t\000e\000s}{section.17}% 176
\BOOKMARK [2][-]{subsection.17.7}{\376\377\000S\000y\000n\000c\000h\000r\000o\000n\000i\000z\000a\000t\000i\000o\000n\000\040\000T\000r\000a\000n\000s\000i\000t\000i\000o\000n\000s}{section.17}% 177
\BOOKMARK [2][-]{subsection.17.8}{\376\377\000C\000o\000m\000p\000u\000t\000a\000t\000i\000o\000n\000a\000l\000\040\000V\000a\000l\000i\000d\000a\000t\000i\000o\000n}{section.17}% 178
\BOOKMARK [1][-]{section.18}{\376\377\000D\000i\000s\000c\000u\000s\000s\000i\000o\000n}{}% 179
\BOOKMARK [2][-]{subsection.18.1}{\376\377\000G\000e\000o\000m\000e\000t\000r\000i\000c\000\040\000N\000e\000c\000e\000s\000s\000i\000t\000y}{section.18}% 180
\BOOKMARK [2][-]{subsection.18.2}{\376\377\000C\000o\000m\000p\000u\000t\000a\000t\000i\000o\000n\000a\000l\000\040\000V\000a\000l\000i\000d\000a\000t\000i\000o\000n}{section.18}% 181
\BOOKMARK [2][-]{subsection.18.3}{\376\377\000E\000x\000p\000e\000r\000i\000m\000e\000n\000t\000a\000l\000\040\000V\000a\000l\000i\000d\000a\000t\000i\000o\000n}{section.18}% 182
\BOOKMARK [2][-]{subsection.18.4}{\376\377\000I\000m\000p\000l\000i\000c\000a\000t\000i\000o\000n\000s\000\040\000f\000o\000r\000\040\000D\000i\000s\000e\000a\000s\000e\000\040\000C\000l\000a\000s\000s\000i\000f\000i\000c\000a\000t\000i\000o\000n}{section.18}% 183
\BOOKMARK [2][-]{subsection.18.5}{\376\377\000I\000m\000p\000l\000i\000c\000a\000t\000i\000o\000n\000s\000\040\000f\000o\000r\000\040\000D\000r\000u\000g\000\040\000D\000e\000v\000e\000l\000o\000p\000m\000e\000n\000t}{section.18}% 184
\BOOKMARK [1][-]{section.19}{\376\377\000C\000o\000n\000c\000l\000u\000s\000i\000o\000n}{}% 185
