\BOOKMARK [1][-]{section.1}{\376\377\000I\000n\000t\000r\000o\000d\000u\000c\000t\000i\000o\000n}{}% 1
\BOOKMARK [2][-]{subsection.1.1}{\376\377\000H\000i\000s\000t\000o\000r\000i\000c\000a\000l\000\040\000C\000o\000n\000t\000e\000x\000t}{section.1}% 2
\BOOKMARK [2][-]{subsection.1.2}{\376\377\000T\000h\000e\000\040\000Q\000u\000a\000n\000t\000u\000m\000\040\000L\000o\000c\000a\000l\000i\000z\000a\000t\000i\000o\000n\000\040\000P\000r\000o\000b\000l\000e\000m}{section.1}% 3
\BOOKMARK [2][-]{subsection.1.3}{\376\377\000P\000e\000r\000t\000u\000r\000b\000a\000t\000i\000o\000n\000\040\000a\000s\000\040\000Q\000u\000e\000r\000y}{section.1}% 4
\BOOKMARK [2][-]{subsection.1.4}{\376\377\000W\000h\000y\000\040\000T\000e\000r\000n\000a\000r\000y\000\040\000i\000s\000\040\000O\000p\000t\000i\000m\000a\000l\000\040\000f\000o\000r\000\040\000T\000w\000o\000\040\000P\000e\000r\000t\000u\000r\000b\000a\000t\000i\000o\000n\000s}{section.1}% 5
\BOOKMARK [2][-]{subsection.1.5}{\376\377\000I\000m\000p\000l\000e\000m\000e\000n\000t\000a\000t\000i\000o\000n\000\040\000C\000h\000a\000l\000l\000e\000n\000g\000e\000s}{section.1}% 6
\BOOKMARK [2][-]{subsection.1.6}{\376\377\000C\000o\000m\000p\000a\000r\000i\000s\000o\000n\000\040\000t\000o\000\040\000G\000r\000o\000v\000e\000r\000'\000s\000\040\000A\000l\000g\000o\000r\000i\000t\000h\000m}{section.1}% 7
\BOOKMARK [2][-]{subsection.1.7}{\376\377\000A\000p\000p\000l\000i\000c\000a\000t\000i\000o\000n\000:\000\040\000W\000a\000v\000e\000-\000P\000a\000r\000t\000i\000c\000l\000e\000\040\000D\000u\000a\000l\000i\000t\000y}{section.1}% 8
\BOOKMARK [2][-]{subsection.1.8}{\376\377\000P\000a\000p\000e\000r\000\040\000R\000o\000a\000d\000m\000a\000p}{section.1}% 9
\BOOKMARK [1][-]{section.2}{\376\377\000D\000i\000s\000c\000u\000s\000s\000i\000o\000n}{}% 10
\BOOKMARK [2][-]{subsection.2.1}{\376\377\000I\000n\000f\000o\000r\000m\000a\000t\000i\000o\000n\000-\000T\000h\000e\000o\000r\000e\000t\000i\000c\000\040\000O\000p\000t\000i\000m\000a\000l\000i\000t\000y}{section.2}% 11
\BOOKMARK [2][-]{subsection.2.2}{\376\377\000W\000h\000y\000\040\000T\000e\000r\000n\000a\000r\000y\000\040\000i\000s\000\040\000N\000a\000t\000u\000r\000a\000l\000\040\000f\000o\000r\000\040\000Q\000u\000a\000n\000t\000u\000m\000\040\000S\000y\000s\000t\000e\000m\000s}{section.2}% 12
\BOOKMARK [2][-]{subsection.2.3}{\376\377\000R\000e\000l\000a\000t\000i\000o\000n\000\040\000t\000o\000\040\000T\000e\000r\000n\000a\000r\000y\000\040\000C\000o\000m\000p\000u\000t\000i\000n\000g}{section.2}% 13
\BOOKMARK [2][-]{subsection.2.4}{\376\377\000C\000o\000n\000n\000e\000c\000t\000i\000o\000n\000\040\000t\000o\000\040\000D\000e\000c\000i\000s\000i\000o\000n\000\040\000T\000r\000e\000e\000s\000\040\000a\000n\000d\000\040\000S\000o\000r\000t\000i\000n\000g}{section.2}% 14
\BOOKMARK [2][-]{subsection.2.5}{\376\377\000A\000d\000a\000p\000t\000i\000v\000e\000\040\000v\000s\000\040\000N\000o\000n\000-\000A\000d\000a\000p\000t\000i\000v\000e\000\040\000S\000e\000a\000r\000c\000h}{section.2}% 15
\BOOKMARK [2][-]{subsection.2.6}{\376\377\000E\000x\000t\000e\000n\000s\000i\000o\000n\000\040\000t\000o\000\040\000H\000i\000g\000h\000e\000r\000\040\000D\000i\000m\000e\000n\000s\000i\000o\000n\000s}{section.2}% 16
\BOOKMARK [2][-]{subsection.2.7}{\376\377\000L\000i\000m\000i\000t\000a\000t\000i\000o\000n\000s\000\040\000a\000n\000d\000\040\000F\000a\000i\000l\000u\000r\000e\000\040\000M\000o\000d\000e\000s}{section.2}% 17
\BOOKMARK [2][-]{subsection.2.8}{\376\377\000C\000o\000m\000p\000a\000r\000i\000s\000o\000n\000\040\000t\000o\000\040\000Q\000u\000a\000n\000t\000u\000m\000\040\000Z\000e\000n\000o\000\040\000E\000f\000f\000e\000c\000t}{section.2}% 18
\BOOKMARK [2][-]{subsection.2.9}{\376\377\000P\000r\000a\000c\000t\000i\000c\000a\000l\000\040\000S\000p\000e\000e\000d\000u\000p\000\040\000v\000s\000\040\000A\000s\000y\000m\000p\000t\000o\000t\000i\000c\000\040\000S\000p\000e\000e\000d\000u\000p}{section.2}% 19
\BOOKMARK [2][-]{subsection.2.10}{\376\377\000I\000m\000p\000l\000i\000c\000a\000t\000i\000o\000n\000s\000\040\000f\000o\000r\000\040\000W\000a\000v\000e\000-\000P\000a\000r\000t\000i\000c\000l\000e\000\040\000D\000u\000a\000l\000i\000t\000y}{section.2}% 20
\BOOKMARK [3][-]{subsubsection.2.10.1}{\376\377\000C\000a\000t\000e\000g\000o\000r\000i\000c\000a\000l\000\040\000M\000e\000a\000s\000u\000r\000e\000m\000e\000n\000t\000\040\000F\000r\000a\000m\000e\000w\000o\000r\000k}{subsection.2.10}% 21
\BOOKMARK [3][-]{subsubsection.2.10.2}{\376\377\000E\000s\000c\000a\000p\000i\000n\000g\000\040\000t\000h\000e\000\040\000C\000o\000m\000p\000l\000e\000m\000e\000n\000t\000a\000r\000i\000t\000y\000\040\000B\000o\000u\000n\000d}{subsection.2.10}% 22
\BOOKMARK [3][-]{subsubsection.2.10.3}{\376\377\000T\000e\000r\000n\000a\000r\000y\000\040\000S\000t\000r\000u\000c\000t\000u\000r\000e\000\040\000o\000f\000\040\000Q\000u\000a\000n\000t\000u\000m\000\040\000S\000t\000a\000t\000e\000s}{subsection.2.10}% 23
\BOOKMARK [3][-]{subsubsection.2.10.4}{\376\377\000T\000r\000a\000n\000s\000-\000P\000l\000a\000n\000c\000k\000i\000a\000n\000\040\000R\000e\000s\000o\000l\000u\000t\000i\000o\000n\000\040\000W\000i\000t\000h\000o\000u\000t\000\040\000P\000l\000a\000n\000c\000k\000-\000S\000c\000a\000l\000e\000\040\000P\000h\000y\000s\000i\000c\000s}{subsection.2.10}% 24
\BOOKMARK [1][-]{section.3}{\376\377\000C\000o\000n\000c\000l\000u\000s\000i\000o\000n}{}% 25
\BOOKMARK [1][-]{section.4}{\376\377\000T\000e\000r\000n\000a\000r\000y\000\040\000S\000e\000a\000r\000c\000h\000\040\000T\000h\000e\000o\000r\000y}{}% 26
\BOOKMARK [2][-]{subsection.4.1}{\376\377\000A\000b\000s\000t\000r\000a\000c\000t\000\040\000S\000e\000a\000r\000c\000h\000\040\000S\000p\000a\000c\000e\000s}{section.4}% 27
\BOOKMARK [2][-]{subsection.4.2}{\376\377\000B\000i\000n\000a\000r\000y\000\040\000S\000e\000a\000r\000c\000h\000:\000\040\000R\000e\000v\000i\000e\000w\000\040\000a\000n\000d\000\040\000C\000o\000m\000p\000l\000e\000x\000i\000t\000y}{section.4}% 28
\BOOKMARK [3][-]{subsubsection.4.2.1}{\376\377\000A\000l\000g\000o\000r\000i\000t\000h\000m\000\040\000D\000e\000s\000c\000r\000i\000p\000t\000i\000o\000n}{subsection.4.2}% 29
\BOOKMARK [3][-]{subsubsection.4.2.2}{\376\377\000C\000o\000m\000p\000l\000e\000x\000i\000t\000y}{subsection.4.2}% 30
\BOOKMARK [2][-]{subsection.4.3}{\376\377\000T\000e\000r\000n\000a\000r\000y\000\040\000S\000e\000a\000r\000c\000h\000\040\000P\000r\000i\000n\000c\000i\000p\000l\000e}{section.4}% 31
\BOOKMARK [3][-]{subsubsection.4.3.1}{\376\377\000A\000l\000g\000o\000r\000i\000t\000h\000m\000\040\000D\000e\000s\000c\000r\000i\000p\000t\000i\000o\000n}{subsection.4.3}% 32
\BOOKMARK [3][-]{subsubsection.4.3.2}{\376\377\000C\000o\000m\000p\000l\000e\000x\000i\000t\000y}{subsection.4.3}% 33
\BOOKMARK [2][-]{subsection.4.4}{\376\377\000S\000p\000e\000e\000d\000u\000p\000\040\000F\000a\000c\000t\000o\000r}{section.4}% 34
\BOOKMARK [2][-]{subsection.4.5}{\376\377\000I\000n\000f\000o\000r\000m\000a\000t\000i\000o\000n\000-\000T\000h\000e\000o\000r\000e\000t\000i\000c\000\040\000L\000o\000w\000e\000r\000\040\000B\000o\000u\000n\000d}{section.4}% 35
\BOOKMARK [2][-]{subsection.4.6}{\376\377\000O\000p\000t\000i\000m\000a\000l\000i\000t\000y\000\040\000o\000f\000\040\000T\000e\000r\000n\000a\000r\000y\000\040\000f\000o\000r\000\040\000T\000h\000r\000e\000e\000-\000O\000u\000t\000c\000o\000m\000e\000\040\000Q\000u\000e\000r\000i\000e\000s}{section.4}% 36
\BOOKMARK [2][-]{subsection.4.7}{\376\377\000C\000o\000m\000p\000a\000r\000i\000s\000o\000n\000\040\000t\000o\000\040\000H\000i\000g\000h\000e\000r\000-\000A\000r\000i\000t\000y\000\040\000S\000e\000a\000r\000c\000h}{section.4}% 37
\BOOKMARK [2][-]{subsection.4.8}{\376\377\000A\000d\000a\000p\000t\000i\000v\000e\000\040\000v\000s\000\040\000N\000o\000n\000-\000A\000d\000a\000p\000t\000i\000v\000e\000\040\000T\000e\000r\000n\000a\000r\000y\000\040\000S\000e\000a\000r\000c\000h}{section.4}% 38
\BOOKMARK [2][-]{subsection.4.9}{\376\377\000M\000u\000l\000t\000i\000-\000D\000i\000m\000e\000n\000s\000i\000o\000n\000a\000l\000\040\000T\000e\000r\000n\000a\000r\000y\000\040\000S\000e\000a\000r\000c\000h}{section.4}% 39
\BOOKMARK [3][-]{subsubsection.4.9.1}{\376\377\0003\000D\000\040\000T\000e\000r\000n\000a\000r\000y\000\040\000S\000e\000a\000r\000c\000h}{subsection.4.9}% 40
\BOOKMARK [2][-]{subsection.4.10}{\376\377\000C\000o\000n\000t\000i\000n\000u\000o\000u\000s\000\040\000v\000s\000\040\000D\000i\000s\000c\000r\000e\000t\000e\000\040\000S\000e\000a\000r\000c\000h\000\040\000S\000p\000a\000c\000e\000s}{section.4}% 41
\BOOKMARK [2][-]{subsection.4.11}{\376\377\000E\000x\000p\000e\000c\000t\000e\000d\000\040\000v\000s\000\040\000W\000o\000r\000s\000t\000-\000C\000a\000s\000e\000\040\000C\000o\000m\000p\000l\000e\000x\000i\000t\000y}{section.4}% 42
\BOOKMARK [1][-]{section.5}{\376\377\000P\000e\000r\000t\000u\000r\000b\000a\000t\000i\000o\000n\000\040\000M\000e\000c\000h\000a\000n\000i\000s\000m\000s}{}% 43
\BOOKMARK [2][-]{subsection.5.1}{\376\377\000P\000e\000r\000t\000u\000r\000b\000a\000t\000i\000o\000n\000\040\000a\000s\000\040\000P\000h\000y\000s\000i\000c\000a\000l\000\040\000Q\000u\000e\000r\000y}{section.5}% 44
\BOOKMARK [2][-]{subsection.5.2}{\376\377\000T\000w\000o\000-\000P\000e\000r\000t\000u\000r\000b\000a\000t\000i\000o\000n\000\040\000T\000r\000i\000s\000e\000c\000t\000i\000o\000n\000\040\000P\000r\000o\000t\000o\000c\000o\000l}{section.5}% 45
\BOOKMARK [3][-]{subsubsection.5.2.1}{\376\377\000S\000p\000a\000t\000i\000a\000l\000\040\000C\000o\000n\000f\000i\000g\000u\000r\000a\000t\000i\000o\000n}{subsection.5.2}% 46
\BOOKMARK [3][-]{subsubsection.5.2.2}{\376\377\000R\000e\000s\000p\000o\000n\000s\000e\000\040\000O\000u\000t\000c\000o\000m\000e\000s}{subsection.5.2}% 47
\BOOKMARK [2][-]{subsection.5.3}{\376\377\000E\000l\000e\000c\000t\000r\000i\000c\000\040\000F\000i\000e\000l\000d\000\040\000G\000r\000a\000d\000i\000e\000n\000t\000\040\000P\000e\000r\000t\000u\000r\000b\000a\000t\000i\000o\000n}{section.5}% 48
\BOOKMARK [3][-]{subsubsection.5.3.1}{\376\377\000F\000i\000e\000l\000d\000\040\000C\000o\000n\000f\000i\000g\000u\000r\000a\000t\000i\000o\000n}{subsection.5.3}% 49
\BOOKMARK [3][-]{subsubsection.5.3.2}{\376\377\000P\000e\000r\000t\000u\000r\000b\000a\000t\000i\000o\000n\000\040\000P\000o\000t\000e\000n\000t\000i\000a\000l}{subsection.5.3}% 50
\BOOKMARK [3][-]{subsubsection.5.3.3}{\376\377\000R\000e\000s\000p\000o\000n\000s\000e\000\040\000S\000i\000g\000n\000a\000t\000u\000r\000e}{subsection.5.3}% 51
\BOOKMARK [3][-]{subsubsection.5.3.4}{\376\377\000I\000m\000p\000l\000e\000m\000e\000n\000t\000a\000t\000i\000o\000n\000:\000\040\000Q\000u\000a\000d\000r\000u\000p\000o\000l\000e\000\040\000E\000l\000e\000c\000t\000r\000o\000d\000e\000s}{subsection.5.3}% 52
\BOOKMARK [2][-]{subsection.5.4}{\376\377\000M\000a\000g\000n\000e\000t\000i\000c\000\040\000F\000i\000e\000l\000d\000\040\000G\000r\000a\000d\000i\000e\000n\000t\000\040\000P\000e\000r\000t\000u\000r\000b\000a\000t\000i\000o\000n}{section.5}% 53
\BOOKMARK [3][-]{subsubsection.5.4.1}{\376\377\000F\000i\000e\000l\000d\000\040\000C\000o\000n\000f\000i\000g\000u\000r\000a\000t\000i\000o\000n}{subsection.5.4}% 54
\BOOKMARK [3][-]{subsubsection.5.4.2}{\376\377\000P\000e\000r\000t\000u\000r\000b\000a\000t\000i\000o\000n\000\040\000P\000o\000t\000e\000n\000t\000i\000a\000l}{subsection.5.4}% 55
\BOOKMARK [3][-]{subsubsection.5.4.3}{\376\377\000R\000e\000s\000p\000o\000n\000s\000e\000\040\000S\000i\000g\000n\000a\000t\000u\000r\000e}{subsection.5.4}% 56
\BOOKMARK [3][-]{subsubsection.5.4.4}{\376\377\000I\000m\000p\000l\000e\000m\000e\000n\000t\000a\000t\000i\000o\000n\000:\000\040\000M\000a\000g\000n\000e\000t\000i\000c\000\040\000C\000o\000i\000l\000\040\000w\000i\000t\000h\000\040\000C\000u\000r\000r\000e\000n\000t\000\040\000G\000r\000a\000d\000i\000e\000n\000t}{subsection.5.4}% 57
\BOOKMARK [2][-]{subsection.5.5}{\376\377\000O\000r\000t\000h\000o\000g\000o\000n\000a\000l\000i\000t\000y\000\040\000o\000f\000\040\000P\000e\000r\000t\000u\000r\000b\000a\000t\000i\000o\000n\000s}{section.5}% 58
\BOOKMARK [2][-]{subsection.5.6}{\376\377\000P\000e\000r\000t\000u\000r\000b\000a\000t\000i\000o\000n\000\040\000S\000t\000r\000e\000n\000g\000t\000h\000\040\000R\000e\000q\000u\000i\000r\000e\000m\000e\000n\000t\000s}{section.5}% 59
\BOOKMARK [2][-]{subsection.5.7}{\376\377\000M\000u\000l\000t\000i\000-\000D\000i\000m\000e\000n\000s\000i\000o\000n\000a\000l\000\040\000E\000x\000t\000e\000n\000s\000i\000o\000n}{section.5}% 60
\BOOKMARK [3][-]{subsubsection.5.7.1}{\376\377\000P\000e\000r\000t\000u\000r\000b\000a\000t\000i\000o\000n\000\040\000C\000o\000n\000f\000i\000g\000u\000r\000a\000t\000i\000o\000n}{subsection.5.7}% 61
\BOOKMARK [3][-]{subsubsection.5.7.2}{\376\377\000R\000e\000s\000p\000o\000n\000s\000e\000\040\000D\000e\000c\000o\000d\000i\000n\000g}{subsection.5.7}% 62
\BOOKMARK [2][-]{subsection.5.8}{\376\377\000T\000e\000m\000p\000o\000r\000a\000l\000\040\000C\000o\000n\000s\000i\000d\000e\000r\000a\000t\000i\000o\000n\000s}{section.5}% 63
\BOOKMARK [3][-]{subsubsection.5.8.1}{\376\377\000R\000i\000s\000e\000\040\000T\000i\000m\000e}{subsection.5.8}% 64
\BOOKMARK [3][-]{subsubsection.5.8.2}{\376\377\000P\000e\000r\000t\000u\000r\000b\000a\000t\000i\000o\000n\000\040\000D\000u\000r\000a\000t\000i\000o\000n}{subsection.5.8}% 65
\BOOKMARK [1][-]{section.6}{\376\377\000F\000o\000r\000c\000e\000d\000\040\000L\000o\000c\000a\000l\000i\000z\000a\000t\000i\000o\000n\000\040\000D\000y\000n\000a\000m\000i\000c\000s}{}% 66
\BOOKMARK [2][-]{subsection.6.1}{\376\377\000H\000a\000m\000i\000l\000t\000o\000n\000i\000a\000n\000\040\000w\000i\000t\000h\000\040\000P\000e\000r\000t\000u\000r\000b\000a\000t\000i\000o\000n\000s}{section.6}% 67
\BOOKMARK [2][-]{subsection.6.2}{\376\377\000E\000i\000g\000e\000n\000s\000t\000a\000t\000e\000\040\000S\000t\000r\000u\000c\000t\000u\000r\000e\000\040\000U\000n\000d\000e\000r\000\040\000S\000t\000r\000o\000n\000g\000\040\000P\000e\000r\000t\000u\000r\000b\000a\000t\000i\000o\000n}{section.6}% 68
\BOOKMARK [3][-]{subsubsection.6.2.1}{\376\377\000P\000e\000r\000t\000u\000r\000b\000a\000t\000i\000v\000e\000\040\000L\000i\000m\000i\000t}{subsection.6.2}% 69
\BOOKMARK [3][-]{subsubsection.6.2.2}{\376\377\000S\000t\000r\000o\000n\000g\000\040\000P\000e\000r\000t\000u\000r\000b\000a\000t\000i\000o\000n\000\040\000R\000e\000g\000i\000m\000e}{subsection.6.2}% 70
\BOOKMARK [2][-]{subsection.6.3}{\376\377\000A\000d\000i\000a\000b\000a\000t\000i\000c\000\040\000v\000s\000\040\000S\000u\000d\000d\000e\000n\000\040\000P\000e\000r\000t\000u\000r\000b\000a\000t\000i\000o\000n\000s}{section.6}% 71
\BOOKMARK [3][-]{subsubsection.6.3.1}{\376\377\000A\000d\000i\000a\000b\000a\000t\000i\000c\000\040\000T\000h\000e\000o\000r\000e\000m}{subsection.6.3}% 72
\BOOKMARK [3][-]{subsubsection.6.3.2}{\376\377\000S\000u\000d\000d\000e\000n\000\040\000P\000e\000r\000t\000u\000r\000b\000a\000t\000i\000o\000n}{subsection.6.3}% 73
\BOOKMARK [2][-]{subsection.6.4}{\376\377\000R\000e\000s\000p\000o\000n\000s\000e\000\040\000D\000y\000n\000a\000m\000i\000c\000s\000\040\000a\000n\000d\000\040\000M\000e\000a\000s\000u\000r\000e\000m\000e\000n\000t}{section.6}% 74
\BOOKMARK [3][-]{subsubsection.6.4.1}{\376\377\000R\000e\000s\000p\000o\000n\000s\000e\000\040\000O\000b\000s\000e\000r\000v\000a\000b\000l\000e}{subsection.6.4}% 75
\BOOKMARK [3][-]{subsubsection.6.4.2}{\376\377\000T\000i\000m\000e\000\040\000E\000v\000o\000l\000u\000t\000i\000o\000n}{subsection.6.4}% 76
\BOOKMARK [2][-]{subsection.6.5}{\376\377\000M\000e\000a\000s\000u\000r\000e\000m\000e\000n\000t\000\040\000B\000a\000c\000k\000a\000c\000t\000i\000o\000n}{section.6}% 77
\BOOKMARK [3][-]{subsubsection.6.5.1}{\376\377\000P\000o\000s\000t\000-\000M\000e\000a\000s\000u\000r\000e\000m\000e\000n\000t\000\040\000S\000t\000a\000t\000e}{subsection.6.5}% 78
\BOOKMARK [3][-]{subsubsection.6.5.2}{\376\377\000C\000a\000t\000e\000g\000o\000r\000i\000c\000a\000l\000\040\000M\000e\000a\000s\000u\000r\000e\000m\000e\000n\000t\000\040\000R\000e\000d\000u\000c\000e\000s\000\040\000B\000a\000c\000k\000a\000c\000t\000i\000o\000n}{subsection.6.5}% 79
\BOOKMARK [2][-]{subsection.6.6}{\376\377\000D\000e\000c\000o\000h\000e\000r\000e\000n\000c\000e\000\040\000C\000o\000n\000s\000i\000d\000e\000r\000a\000t\000i\000o\000n\000s}{section.6}% 80
\BOOKMARK [3][-]{subsubsection.6.6.1}{\376\377\000D\000e\000c\000o\000h\000e\000r\000e\000n\000c\000e\000\040\000R\000a\000t\000e}{subsection.6.6}% 81
\BOOKMARK [3][-]{subsubsection.6.6.2}{\376\377\000D\000e\000c\000o\000h\000e\000r\000e\000n\000c\000e\000-\000A\000s\000s\000i\000s\000t\000e\000d\000\040\000L\000o\000c\000a\000l\000i\000z\000a\000t\000i\000o\000n}{subsection.6.6}% 82
\BOOKMARK [2][-]{subsection.6.7}{\376\377\000R\000a\000b\000i\000\040\000O\000s\000c\000i\000l\000l\000a\000t\000i\000o\000n\000s\000\040\000B\000e\000t\000w\000e\000e\000n\000\040\000L\000o\000c\000a\000l\000i\000z\000e\000d\000\040\000S\000t\000a\000t\000e\000s}{section.6}% 83
\BOOKMARK [3][-]{subsubsection.6.7.1}{\376\377\000T\000w\000o\000-\000L\000e\000v\000e\000l\000\040\000S\000y\000s\000t\000e\000m}{subsection.6.7}% 84
\BOOKMARK [2][-]{subsection.6.8}{\376\377\000T\000h\000r\000e\000s\000h\000o\000l\000d\000\040\000B\000e\000h\000a\000v\000i\000o\000r\000\040\000a\000n\000d\000\040\000S\000e\000n\000s\000i\000t\000i\000v\000i\000t\000y}{section.6}% 85
\BOOKMARK [3][-]{subsubsection.6.8.1}{\376\377\000S\000i\000g\000n\000a\000l\000-\000t\000o\000-\000N\000o\000i\000s\000e\000\040\000R\000a\000t\000i\000o}{subsection.6.8}% 86
\BOOKMARK [3][-]{subsubsection.6.8.2}{\376\377\000F\000a\000l\000s\000e\000\040\000P\000o\000s\000i\000t\000i\000v\000e\000/\000N\000e\000g\000a\000t\000i\000v\000e\000\040\000R\000a\000t\000e\000s}{subsection.6.8}% 87
\BOOKMARK [1][-]{section.7}{\376\377\000A\000l\000g\000o\000r\000i\000t\000h\000m\000i\000c\000\040\000I\000m\000p\000l\000e\000m\000e\000n\000t\000a\000t\000i\000o\000n}{}% 88
\BOOKMARK [2][-]{subsection.7.1}{\376\377\000C\000o\000m\000p\000l\000e\000t\000e\000\040\000A\000l\000g\000o\000r\000i\000t\000h\000m\000\040\000S\000p\000e\000c\000i\000f\000i\000c\000a\000t\000i\000o\000n}{section.7}% 89
\BOOKMARK [2][-]{subsection.7.2}{\376\377\000T\000r\000i\000t\000\040\000D\000e\000c\000o\000d\000i\000n\000g\000\040\000F\000u\000n\000c\000t\000i\000o\000n}{section.7}% 90
\BOOKMARK [2][-]{subsection.7.3}{\376\377\000T\000h\000r\000e\000e\000-\000D\000i\000m\000e\000n\000s\000i\000o\000n\000a\000l\000\040\000I\000m\000p\000l\000e\000m\000e\000n\000t\000a\000t\000i\000o\000n}{section.7}% 91
\BOOKMARK [2][-]{subsection.7.4}{\376\377\000A\000d\000a\000p\000t\000i\000v\000e\000\040\000T\000r\000i\000s\000e\000c\000t\000i\000o\000n\000\040\000w\000i\000t\000h\000\040\000P\000r\000i\000o\000r\000\040\000I\000n\000f\000o\000r\000m\000a\000t\000i\000o\000n}{section.7}% 92
\BOOKMARK [3][-]{subsubsection.7.4.1}{\376\377\000W\000e\000i\000g\000h\000t\000e\000d\000\040\000T\000r\000i\000s\000e\000c\000t\000i\000o\000n}{subsection.7.4}% 93
\BOOKMARK [2][-]{subsection.7.5}{\376\377\000E\000r\000r\000o\000r\000\040\000H\000a\000n\000d\000l\000i\000n\000g\000\040\000a\000n\000d\000\040\000R\000e\000d\000u\000n\000d\000a\000n\000c\000y}{section.7}% 94
\BOOKMARK [3][-]{subsubsection.7.5.1}{\376\377\000A\000m\000b\000i\000g\000u\000o\000u\000s\000\040\000R\000e\000s\000p\000o\000n\000s\000e\000s}{subsection.7.5}% 95
\BOOKMARK [3][-]{subsubsection.7.5.2}{\376\377\000D\000e\000t\000e\000c\000t\000i\000o\000n\000\040\000E\000r\000r\000o\000r\000s}{subsection.7.5}% 96
\BOOKMARK [2][-]{subsection.7.6}{\376\377\000T\000e\000r\000m\000i\000n\000a\000t\000i\000o\000n\000\040\000C\000o\000n\000d\000i\000t\000i\000o\000n\000\040\000a\000n\000d\000\040\000R\000e\000s\000o\000l\000u\000t\000i\000o\000n}{section.7}% 97
\BOOKMARK [2][-]{subsection.7.7}{\376\377\000C\000o\000m\000p\000u\000t\000a\000t\000i\000o\000n\000a\000l\000\040\000C\000o\000m\000p\000l\000e\000x\000i\000t\000y}{section.7}% 98
\BOOKMARK [3][-]{subsubsection.7.7.1}{\376\377\000T\000i\000m\000e\000\040\000C\000o\000m\000p\000l\000e\000x\000i\000t\000y}{subsection.7.7}% 99
\BOOKMARK [3][-]{subsubsection.7.7.2}{\376\377\000S\000p\000a\000c\000e\000\040\000C\000o\000m\000p\000l\000e\000x\000i\000t\000y}{subsection.7.7}% 100
\BOOKMARK [2][-]{subsection.7.8}{\376\377\000P\000a\000r\000a\000l\000l\000e\000l\000i\000z\000a\000t\000i\000o\000n}{section.7}% 101
\BOOKMARK [1][-]{section.8}{\376\377\000C\000o\000m\000p\000l\000e\000x\000i\000t\000y\000\040\000A\000n\000a\000l\000y\000s\000i\000s}{}% 102
\BOOKMARK [2][-]{subsection.8.1}{\376\377\000I\000t\000e\000r\000a\000t\000i\000o\000n\000\040\000C\000o\000u\000n\000t\000:\000\040\000E\000x\000a\000c\000t\000\040\000F\000o\000r\000m\000u\000l\000a}{section.8}% 103
\BOOKMARK [3][-]{subsubsection.8.1.1}{\376\377\000N\000u\000m\000e\000r\000i\000c\000a\000l\000\040\000E\000x\000a\000m\000p\000l\000e\000s}{subsection.8.1}% 104
\BOOKMARK [2][-]{subsection.8.2}{\376\377\000M\000e\000a\000s\000u\000r\000e\000m\000e\000n\000t\000\040\000C\000o\000u\000n\000t}{section.8}% 105
\BOOKMARK [2][-]{subsection.8.3}{\376\377\000C\000o\000m\000p\000a\000r\000i\000s\000o\000n\000\040\000t\000o\000\040\000B\000i\000n\000a\000r\000y\000\040\000S\000e\000a\000r\000c\000h}{section.8}% 106
\BOOKMARK [2][-]{subsection.8.4}{\376\377\000W\000a\000l\000l\000-\000C\000l\000o\000c\000k\000\040\000T\000i\000m\000e}{section.8}% 107
\BOOKMARK [3][-]{subsubsection.8.4.1}{\376\377\000I\000t\000e\000r\000a\000t\000i\000o\000n\000\040\000D\000u\000r\000a\000t\000i\000o\000n}{subsection.8.4}% 108
\BOOKMARK [3][-]{subsubsection.8.4.2}{\376\377\000T\000o\000t\000a\000l\000\040\000T\000i\000m\000e}{subsection.8.4}% 109
\BOOKMARK [2][-]{subsection.8.5}{\376\377\000B\000e\000s\000t\000-\000C\000a\000s\000e\000\040\000v\000s\000\040\000W\000o\000r\000s\000t\000-\000C\000a\000s\000e}{section.8}% 110
\BOOKMARK [3][-]{subsubsection.8.5.1}{\376\377\000B\000e\000s\000t\000-\000C\000a\000s\000e}{subsection.8.5}% 111
\BOOKMARK [3][-]{subsubsection.8.5.2}{\376\377\000W\000o\000r\000s\000t\000-\000C\000a\000s\000e}{subsection.8.5}% 112
\BOOKMARK [2][-]{subsection.8.6}{\376\377\000A\000m\000o\000r\000t\000i\000z\000e\000d\000\040\000A\000n\000a\000l\000y\000s\000i\000s}{section.8}% 113
\BOOKMARK [3][-]{subsubsection.8.6.1}{\376\377\000I\000n\000c\000r\000e\000m\000e\000n\000t\000a\000l\000\040\000T\000r\000i\000s\000e\000c\000t\000i\000o\000n}{subsection.8.6}% 114
\BOOKMARK [2][-]{subsection.8.7}{\376\377\000C\000o\000m\000p\000a\000r\000i\000s\000o\000n\000\040\000t\000o\000\040\000L\000i\000n\000e\000a\000r\000\040\000S\000e\000a\000r\000c\000h}{section.8}% 115
\BOOKMARK [2][-]{subsection.8.8}{\376\377\000Q\000u\000a\000n\000t\000u\000m\000\040\000S\000e\000a\000r\000c\000h\000\040\000\050\000G\000r\000o\000v\000e\000r\000\051\000\040\000C\000o\000m\000p\000a\000r\000i\000s\000o\000n}{section.8}% 116
\BOOKMARK [2][-]{subsection.8.9}{\376\377\000S\000c\000a\000l\000i\000n\000g\000\040\000t\000o\000\040\000L\000a\000r\000g\000e\000\040\000N}{section.8}% 117
\BOOKMARK [1][-]{section.9}{\376\377\000E\000x\000p\000e\000r\000i\000m\000e\000n\000t\000a\000l\000\040\000V\000a\000l\000i\000d\000a\000t\000i\000o\000n}{}% 118
\BOOKMARK [2][-]{subsection.9.1}{\376\377\000T\000e\000s\000t\000\040\000S\000y\000s\000t\000e\000m\000\040\000a\000n\000d\000\040\000S\000e\000t\000u\000p}{section.9}% 119
\BOOKMARK [3][-]{subsubsection.9.1.1}{\376\377\000P\000a\000r\000a\000m\000e\000t\000e\000r\000s}{subsection.9.1}% 120
\BOOKMARK [2][-]{subsection.9.2}{\376\377\000P\000e\000r\000t\000u\000r\000b\000a\000t\000i\000o\000n\000\040\000I\000m\000p\000l\000e\000m\000e\000n\000t\000a\000t\000i\000o\000n}{section.9}% 121
\BOOKMARK [3][-]{subsubsection.9.2.1}{\376\377\000P\000e\000r\000t\000u\000r\000b\000a\000t\000i\000o\000n\000\040\000P\0001\000:\000\040\000E\000l\000e\000c\000t\000r\000i\000c\000\040\000F\000i\000e\000l\000d\000\040\000G\000r\000a\000d\000i\000e\000n\000t}{subsection.9.2}% 122
\BOOKMARK [3][-]{subsubsection.9.2.2}{\376\377\000P\000e\000r\000t\000u\000r\000b\000a\000t\000i\000o\000n\000\040\000P\0002\000:\000\040\000M\000a\000g\000n\000e\000t\000i\000c\000\040\000F\000i\000e\000l\000d\000\040\000G\000r\000a\000d\000i\000e\000n\000t}{subsection.9.2}% 123
\BOOKMARK [2][-]{subsection.9.3}{\376\377\000R\000e\000s\000p\000o\000n\000s\000e\000\040\000D\000e\000t\000e\000c\000t\000i\000o\000n}{section.9}% 124
\BOOKMARK [2][-]{subsection.9.4}{\376\377\000E\000x\000p\000e\000r\000i\000m\000e\000n\000t\000a\000l\000\040\000P\000r\000o\000c\000e\000d\000u\000r\000e}{section.9}% 125
\BOOKMARK [2][-]{subsection.9.5}{\376\377\000R\000e\000s\000u\000l\000t\000s}{section.9}% 126
\BOOKMARK [3][-]{subsubsection.9.5.1}{\376\377\000I\000t\000e\000r\000a\000t\000i\000o\000n\000\040\000C\000o\000u\000n\000t}{subsection.9.5}% 127
\BOOKMARK [3][-]{subsubsection.9.5.2}{\376\377\000S\000u\000c\000c\000e\000s\000s\000\040\000R\000a\000t\000e}{subsection.9.5}% 128
\BOOKMARK [3][-]{subsubsection.9.5.3}{\376\377\000R\000e\000s\000p\000o\000n\000s\000e\000\040\000A\000c\000c\000u\000r\000a\000c\000y}{subsection.9.5}% 129
\BOOKMARK [3][-]{subsubsection.9.5.4}{\376\377\000F\000i\000n\000a\000l\000\040\000P\000o\000s\000i\000t\000i\000o\000n\000\040\000A\000c\000c\000u\000r\000a\000c\000y}{subsection.9.5}% 130
\BOOKMARK [2][-]{subsection.9.6}{\376\377\000T\000i\000m\000i\000n\000g\000\040\000M\000e\000a\000s\000u\000r\000e\000m\000e\000n\000t\000s}{section.9}% 131
\BOOKMARK [3][-]{subsubsection.9.6.1}{\376\377\000I\000t\000e\000r\000a\000t\000i\000o\000n\000\040\000D\000u\000r\000a\000t\000i\000o\000n}{subsection.9.6}% 132
\BOOKMARK [3][-]{subsubsection.9.6.2}{\376\377\000T\000o\000t\000a\000l\000\040\000S\000e\000a\000r\000c\000h\000\040\000T\000i\000m\000e}{subsection.9.6}% 133
\BOOKMARK [2][-]{subsection.9.7}{\376\377\000E\000r\000r\000o\000r\000\040\000A\000n\000a\000l\000y\000s\000i\000s}{section.9}% 134
\BOOKMARK [3][-]{subsubsection.9.7.1}{\376\377\000S\000o\000u\000r\000c\000e\000s\000\040\000o\000f\000\040\000E\000r\000r\000o\000r}{subsection.9.7}% 135
\BOOKMARK [3][-]{subsubsection.9.7.2}{\376\377\000S\000y\000s\000t\000e\000m\000a\000t\000i\000c\000\040\000E\000r\000r\000o\000r\000s}{subsection.9.7}% 136
\BOOKMARK [2][-]{subsection.9.8}{\376\377\000R\000e\000p\000e\000a\000t\000a\000b\000i\000l\000i\000t\000y}{section.9}% 137
\BOOKMARK [1][-]{section.10}{\376\377\000C\000o\000m\000p\000a\000r\000i\000s\000o\000n\000\040\000t\000o\000\040\000B\000i\000n\000a\000r\000y\000\040\000S\000e\000a\000r\000c\000h}{}% 138
\BOOKMARK [2][-]{subsection.10.1}{\376\377\000B\000i\000n\000a\000r\000y\000\040\000S\000e\000a\000r\000c\000h\000\040\000I\000m\000p\000l\000e\000m\000e\000n\000t\000a\000t\000i\000o\000n}{section.10}% 139
\BOOKMARK [3][-]{subsubsection.10.1.1}{\376\377\000A\000l\000g\000o\000r\000i\000t\000h\000m}{subsection.10.1}% 140
\BOOKMARK [3][-]{subsubsection.10.1.2}{\376\377\000P\000e\000r\000t\000u\000r\000b\000a\000t\000i\000o\000n}{subsection.10.1}% 141
\BOOKMARK [2][-]{subsection.10.2}{\376\377\000S\000i\000d\000e\000-\000b\000y\000-\000S\000i\000d\000e\000\040\000C\000o\000m\000p\000a\000r\000i\000s\000o\000n}{section.10}% 142
\BOOKMARK [2][-]{subsection.10.3}{\376\377\000S\000p\000e\000e\000d\000u\000p\000\040\000A\000n\000a\000l\000y\000s\000i\000s}{section.10}% 143
\BOOKMARK [3][-]{subsubsection.10.3.1}{\376\377\000I\000t\000e\000r\000a\000t\000i\000o\000n\000\040\000S\000p\000e\000e\000d\000u\000p}{subsection.10.3}% 144
\BOOKMARK [3][-]{subsubsection.10.3.2}{\376\377\000W\000a\000l\000l\000-\000C\000l\000o\000c\000k\000\040\000S\000p\000e\000e\000d\000u\000p}{subsection.10.3}% 145
\BOOKMARK [2][-]{subsection.10.4}{\376\377\000M\000e\000a\000s\000u\000r\000e\000m\000e\000n\000t\000\040\000C\000o\000u\000n\000t\000\040\000O\000v\000e\000r\000h\000e\000a\000d}{section.10}% 146
\BOOKMARK [2][-]{subsection.10.5}{\376\377\000S\000i\000g\000n\000a\000l\000-\000t\000o\000-\000N\000o\000i\000s\000e\000\040\000C\000o\000m\000p\000a\000r\000i\000s\000o\000n}{section.10}% 147
\BOOKMARK [2][-]{subsection.10.6}{\376\377\000R\000o\000b\000u\000s\000t\000n\000e\000s\000s\000\040\000t\000o\000\040\000E\000r\000r\000o\000r\000s}{section.10}% 148
\BOOKMARK [3][-]{subsubsection.10.6.1}{\376\377\000R\000e\000s\000p\000o\000n\000s\000e\000\040\000E\000r\000r\000o\000r\000\040\000R\000a\000t\000e\000s}{subsection.10.6}% 149
\BOOKMARK [3][-]{subsubsection.10.6.2}{\376\377\000E\000r\000r\000o\000r\000\040\000P\000r\000o\000p\000a\000g\000a\000t\000i\000o\000n}{subsection.10.6}% 150
\BOOKMARK [2][-]{subsection.10.7}{\376\377\000H\000a\000r\000d\000w\000a\000r\000e\000\040\000C\000o\000m\000p\000l\000e\000x\000i\000t\000y}{section.10}% 151
\BOOKMARK [3][-]{subsubsection.10.7.1}{\376\377\000P\000e\000r\000t\000u\000r\000b\000a\000t\000i\000o\000n\000\040\000S\000o\000u\000r\000c\000e\000s}{subsection.10.7}% 152
\BOOKMARK [3][-]{subsubsection.10.7.2}{\376\377\000D\000e\000t\000e\000c\000t\000i\000o\000n\000\040\000S\000y\000s\000t\000e\000m\000s}{subsection.10.7}% 153
\BOOKMARK [2][-]{subsection.10.8}{\376\377\000T\000r\000a\000d\000e\000-\000O\000f\000f\000\040\000A\000n\000a\000l\000y\000s\000i\000s}{section.10}% 154
\BOOKMARK [3][-]{subsubsection.10.8.1}{\376\377\000W\000h\000e\000n\000\040\000i\000s\000\040\000T\000e\000r\000n\000a\000r\000y\000\040\000S\000e\000a\000r\000c\000h\000\040\000W\000o\000r\000t\000h\000\040\000I\000t\000?}{subsection.10.8}% 155
\BOOKMARK [3][-]{subsubsection.10.8.2}{\376\377\000W\000h\000e\000n\000\040\000t\000o\000\040\000U\000s\000e\000\040\000B\000i\000n\000a\000r\000y\000\040\000S\000e\000a\000r\000c\000h}{subsection.10.8}% 156
\BOOKMARK [2][-]{subsection.10.9}{\376\377\000S\000c\000a\000l\000i\000n\000g\000\040\000t\000o\000\040\000L\000a\000r\000g\000e\000r\000\040\000N}{section.10}% 157
\BOOKMARK [1][-]{section.11}{\376\377\000A\000p\000p\000l\000i\000c\000a\000t\000i\000o\000n\000:\000\040\000W\000a\000v\000e\000-\000P\000a\000r\000t\000i\000c\000l\000e\000\040\000D\000u\000a\000l\000i\000t\000y\000\040\000R\000e\000s\000o\000l\000u\000t\000i\000o\000n}{}% 158
\BOOKMARK [2][-]{subsection.11.1}{\376\377\000M\000o\000t\000i\000v\000a\000t\000i\000o\000n\000:\000\040\000T\000h\000e\000\040\000D\000o\000u\000b\000l\000e\000-\000S\000l\000i\000t\000\040\000P\000a\000r\000a\000d\000o\000x}{section.11}% 159
\BOOKMARK [2][-]{subsection.11.2}{\376\377\000E\000x\000p\000e\000r\000i\000m\000e\000n\000t\000a\000l\000\040\000D\000e\000s\000i\000g\000n}{section.11}% 160
\BOOKMARK [3][-]{subsubsection.11.2.1}{\376\377\000T\000h\000r\000e\000e\000-\000I\000o\000n\000\040\000C\000o\000n\000f\000i\000g\000u\000r\000a\000t\000i\000o\000n}{subsection.11.2}% 161
\BOOKMARK [3][-]{subsubsection.11.2.2}{\376\377\000D\000o\000u\000b\000l\000e\000-\000S\000l\000i\000t\000\040\000F\000a\000b\000r\000i\000c\000a\000t\000i\000o\000n}{subsection.11.2}% 162
\BOOKMARK [3][-]{subsubsection.11.2.3}{\376\377\000C\000a\000v\000i\000t\000y\000\040\000E\000n\000h\000a\000n\000c\000e\000m\000e\000n\000t}{subsection.11.2}% 163
\BOOKMARK [2][-]{subsection.11.3}{\376\377\000P\000h\000o\000t\000o\000n\000\040\000E\000m\000i\000s\000s\000i\000o\000n\000\040\000a\000n\000d\000\040\000P\000r\000o\000p\000a\000g\000a\000t\000i\000o\000n}{section.11}% 164
\BOOKMARK [3][-]{subsubsection.11.3.1}{\376\377\000S\000p\000o\000n\000t\000a\000n\000e\000o\000u\000s\000\040\000E\000m\000i\000s\000s\000i\000o\000n}{subsection.11.3}% 165
\BOOKMARK [3][-]{subsubsection.11.3.2}{\376\377\000F\000r\000e\000e\000\040\000F\000l\000i\000g\000h\000t}{subsection.11.3}% 166
\BOOKMARK [3][-]{subsubsection.11.3.3}{\376\377\000D\000o\000u\000b\000l\000e\000-\000S\000l\000i\000t\000\040\000P\000a\000s\000s\000a\000g\000e}{subsection.11.3}% 167
\BOOKMARK [2][-]{subsection.11.4}{\376\377\000T\000e\000r\000n\000a\000r\000y\000\040\000T\000r\000i\000s\000e\000c\000t\000i\000o\000n\000\040\000P\000r\000o\000t\000o\000c\000o\000l}{section.11}% 168
\BOOKMARK [3][-]{subsubsection.11.4.1}{\376\377\000C\000a\000t\000e\000g\000o\000r\000i\000c\000a\000l\000\040\000S\000t\000a\000t\000e\000\040\000C\000o\000u\000n\000t\000i\000n\000g}{subsection.11.4}% 169
\BOOKMARK [3][-]{subsubsection.11.4.2}{\376\377\000S\000p\000a\000t\000i\000a\000l\000\040\000T\000r\000i\000s\000e\000c\000t\000i\000o\000n\000\040\000I\000t\000e\000r\000a\000t\000i\000o\000n\000s}{subsection.11.4}% 170
\BOOKMARK [3][-]{subsubsection.11.4.3}{\376\377\000M\000e\000a\000s\000u\000r\000e\000m\000e\000n\000t\000\040\000R\000u\000n\000s}{subsection.11.4}% 171
\BOOKMARK [2][-]{subsection.11.5}{\376\377\000T\000e\000r\000n\000a\000r\000y\000\040\000E\000n\000c\000o\000d\000i\000n\000g\000\040\000o\000f\000\040\000P\000h\000o\000t\000o\000n\000\040\000S\000t\000a\000t\000e}{section.11}% 172
\BOOKMARK [3][-]{subsubsection.11.5.1}{\376\377\000T\000h\000r\000e\000e\000\040\000S\000-\000E\000n\000t\000r\000o\000p\000y\000\040\000C\000o\000o\000r\000d\000i\000n\000a\000t\000e\000s}{subsection.11.5}% 173
\BOOKMARK [3][-]{subsubsection.11.5.2}{\376\377\000B\000a\000s\000e\000-\0003\000\040\000R\000e\000p\000r\000e\000s\000e\000n\000t\000a\000t\000i\000o\000n}{subsection.11.5}% 174
\BOOKMARK [3][-]{subsubsection.11.5.3}{\376\377\000W\000a\000v\000e\000-\000P\000a\000r\000t\000i\000c\000l\000e\000-\000T\000r\000a\000j\000e\000c\000t\000o\000r\000y\000\040\000U\000n\000i\000f\000i\000c\000a\000t\000i\000o\000n}{subsection.11.5}% 175
\BOOKMARK [2][-]{subsection.11.6}{\376\377\000T\000r\000a\000n\000s\000-\000P\000l\000a\000n\000c\000k\000i\000a\000n\000\040\000T\000e\000m\000p\000o\000r\000a\000l\000\040\000R\000e\000s\000o\000l\000u\000t\000i\000o\000n}{section.11}% 176
\BOOKMARK [3][-]{subsubsection.11.6.1}{\376\377\000P\000h\000y\000s\000i\000c\000a\000l\000\040\000T\000i\000m\000e\000\040\000R\000e\000s\000o\000l\000u\000t\000i\000o\000n\000\040\000L\000i\000m\000i\000t}{subsection.11.6}% 177
\BOOKMARK [3][-]{subsubsection.11.6.2}{\376\377\000C\000a\000t\000e\000g\000o\000r\000i\000c\000a\000l\000\040\000T\000e\000m\000p\000o\000r\000a\000l\000\040\000R\000e\000s\000o\000l\000u\000t\000i\000o\000n}{subsection.11.6}% 178
\BOOKMARK [3][-]{subsubsection.11.6.3}{\376\377\000I\000n\000t\000e\000r\000p\000r\000e\000t\000a\000t\000i\000o\000n}{subsection.11.6}% 179
\BOOKMARK [2][-]{subsection.11.7}{\376\377\000R\000e\000s\000u\000l\000t\000s}{section.11}% 180
\BOOKMARK [3][-]{subsubsection.11.7.1}{\376\377\000I\000n\000t\000e\000r\000f\000e\000r\000e\000n\000c\000e\000\040\000P\000a\000t\000t\000e\000r\000n}{subsection.11.7}% 181
\BOOKMARK [3][-]{subsubsection.11.7.2}{\376\377\000T\000r\000a\000j\000e\000c\000t\000o\000r\000y\000\040\000R\000e\000c\000o\000n\000s\000t\000r\000u\000c\000t\000i\000o\000n}{subsection.11.7}% 182
\BOOKMARK [3][-]{subsubsection.11.7.3}{\376\377\000S\000i\000m\000u\000l\000t\000a\000n\000e\000o\000u\000s\000\040\000W\000a\000v\000e\000\040\000a\000n\000d\000\040\000P\000a\000r\000t\000i\000c\000l\000e\000\040\000A\000s\000p\000e\000c\000t\000s}{subsection.11.7}% 183
\BOOKMARK [2][-]{subsection.11.8}{\376\377\000D\000i\000s\000c\000u\000s\000s\000i\000o\000n}{section.11}% 184
\BOOKMARK [3][-]{subsubsection.11.8.1}{\376\377\000C\000a\000t\000e\000g\000o\000r\000i\000c\000a\000l\000\040\000v\000s\000\040\000P\000h\000y\000s\000i\000c\000a\000l\000\040\000M\000e\000a\000s\000u\000r\000e\000m\000e\000n\000t}{subsection.11.8}% 185
\BOOKMARK [3][-]{subsubsection.11.8.2}{\376\377\000R\000e\000s\000o\000l\000u\000t\000i\000o\000n\000\040\000I\000n\000t\000e\000r\000p\000r\000e\000t\000a\000t\000i\000o\000n}{subsection.11.8}% 186
\BOOKMARK [3][-]{subsubsection.11.8.3}{\376\377\000A\000d\000v\000a\000n\000t\000a\000g\000e\000s\000\040\000o\000f\000\040\000T\000e\000r\000n\000a\000r\000y\000\040\000E\000n\000c\000o\000d\000i\000n\000g}{subsection.11.8}% 187
\BOOKMARK [3][-]{subsubsection.11.8.4}{\376\377\000L\000i\000m\000i\000t\000a\000t\000i\000o\000n\000s}{subsection.11.8}% 188
\BOOKMARK [2][-]{subsection.11.9}{\376\377\000C\000o\000n\000c\000l\000u\000s\000i\000o\000n\000\040\000o\000f\000\040\000A\000p\000p\000l\000i\000c\000a\000t\000i\000o\000n\000\040\000S\000e\000c\000t\000i\000o\000n}{section.11}% 189
\BOOKMARK [1][-]{section.12}{\376\377\000F\000l\000u\000i\000d\000\040\000P\000a\000t\000h\000\040\000V\000a\000l\000i\000d\000a\000t\000i\000o\000n\000:\000\040\000D\000e\000r\000i\000v\000i\000n\000g\000\040\000L\000i\000g\000h\000t\000\040\000f\000r\000o\000m\000\040\000P\000a\000r\000t\000i\000t\000i\000o\000n\000\040\000D\000y\000n\000a\000m\000i\000c\000s}{}% 190
\BOOKMARK [2][-]{subsection.12.1}{\376\377\000T\000h\000e\000o\000r\000e\000t\000i\000c\000a\000l\000\040\000F\000o\000u\000n\000d\000a\000t\000i\000o\000n}{section.12}% 191
\BOOKMARK [3][-]{subsubsection.12.1.1}{\376\377\000P\000a\000r\000t\000i\000t\000i\000o\000n\000\040\000L\000a\000g\000\040\000i\000n\000\040\000V\000i\000s\000c\000o\000u\000s\000\040\000T\000r\000a\000n\000s\000p\000o\000r\000t}{subsection.12.1}% 192
\BOOKMARK [3][-]{subsubsection.12.1.2}{\376\377\000P\000a\000r\000t\000i\000t\000i\000o\000n\000\040\000L\000a\000g\000\040\000i\000n\000\040\000D\000i\000e\000l\000e\000c\000t\000r\000i\000c\000\040\000R\000e\000s\000p\000o\000n\000s\000e}{subsection.12.1}% 193
\BOOKMARK [3][-]{subsubsection.12.1.3}{\376\377\000T\000h\000e\000\040\000V\000a\000l\000i\000d\000a\000t\000i\000o\000n\000\040\000C\000r\000i\000t\000e\000r\000i\000o\000n}{subsection.12.1}% 194
\BOOKMARK [2][-]{subsection.12.2}{\376\377\000E\000x\000p\000e\000r\000i\000m\000e\000n\000t\000a\000l\000\040\000D\000e\000s\000i\000g\000n}{section.12}% 195
\BOOKMARK [3][-]{subsubsection.12.2.1}{\376\377\000T\000e\000s\000t\000\040\000F\000l\000u\000i\000d\000\040\000S\000e\000l\000e\000c\000t\000i\000o\000n}{subsection.12.2}% 196
\BOOKMARK [3][-]{subsubsection.12.2.2}{\376\377\000M\000e\000c\000h\000a\000n\000i\000c\000a\000l\000\040\000M\000e\000a\000s\000u\000r\000e\000m\000e\000n\000t\000:\000\040\000V\000i\000s\000c\000o\000s\000i\000t\000y}{subsection.12.2}% 197
\BOOKMARK [3][-]{subsubsection.12.2.3}{\376\377\000O\000p\000t\000i\000c\000a\000l\000\040\000M\000e\000a\000s\000u\000r\000e\000m\000e\000n\000t\000:\000\040\000A\000b\000s\000o\000r\000p\000t\000i\000o\000n\000\040\000L\000i\000n\000e\000w\000i\000d\000t\000h}{subsection.12.2}% 198
\BOOKMARK [3][-]{subsubsection.12.2.4}{\376\377\000D\000i\000s\000p\000e\000r\000s\000i\000o\000n\000\040\000M\000e\000a\000s\000u\000r\000e\000m\000e\000n\000t\000:\000\040\000R\000e\000f\000r\000a\000c\000t\000i\000v\000e\000\040\000I\000n\000d\000e\000x\000\040\000v\000s\000.\000\040\000W\000a\000v\000e\000l\000e\000n\000g\000t\000h}{subsection.12.2}% 199
\BOOKMARK [2][-]{subsection.12.3}{\376\377\000C\000o\000n\000n\000e\000c\000t\000i\000o\000n\000\040\000t\000o\000\040\000E\000l\000e\000c\000t\000r\000o\000n\000\040\000T\000r\000a\000j\000e\000c\000t\000o\000r\000i\000e\000s}{section.12}% 200
\BOOKMARK [3][-]{subsubsection.12.3.1}{\376\377\000E\000l\000e\000c\000t\000r\000o\000n\000s\000\040\000a\000s\000\040\000t\000h\000e\000\040\000C\000o\000m\000m\000o\000n\000\040\000M\000e\000d\000i\000a\000t\000o\000r}{subsection.12.3}% 201
\BOOKMARK [3][-]{subsubsection.12.3.2}{\376\377\000T\000e\000r\000n\000a\000r\000y\000\040\000P\000a\000r\000t\000i\000t\000i\000o\000n\000i\000n\000g\000\040\000o\000f\000\040\000E\000l\000e\000c\000t\000r\000o\000n\000\040\000R\000e\000s\000p\000o\000n\000s\000e}{subsection.12.3}% 202
\BOOKMARK [2][-]{subsection.12.4}{\376\377\000R\000e\000s\000u\000l\000t\000s}{section.12}% 203
\BOOKMARK [3][-]{subsubsection.12.4.1}{\376\377\000M\000e\000c\000h\000a\000n\000i\000c\000a\000l\000\040\000P\000a\000r\000t\000i\000t\000i\000o\000n\000\040\000L\000a\000g}{subsection.12.4}% 204
\BOOKMARK [3][-]{subsubsection.12.4.2}{\376\377\000O\000p\000t\000i\000c\000a\000l\000\040\000P\000a\000r\000t\000i\000t\000i\000o\000n\000\040\000L\000a\000g}{subsection.12.4}% 205
\BOOKMARK [3][-]{subsubsection.12.4.3}{\376\377\000C\000o\000m\000p\000a\000r\000i\000s\000o\000n\000\040\000a\000n\000d\000\040\000I\000n\000t\000e\000r\000p\000r\000e\000t\000a\000t\000i\000o\000n}{subsection.12.4}% 206
\BOOKMARK [3][-]{subsubsection.12.4.4}{\376\377\000D\000i\000s\000p\000e\000r\000s\000i\000o\000n\000\040\000V\000a\000l\000i\000d\000a\000t\000i\000o\000n}{subsection.12.4}% 207
\BOOKMARK [2][-]{subsection.12.5}{\376\377\000E\000l\000e\000c\000t\000r\000o\000n\000\040\000T\000r\000a\000j\000e\000c\000t\000o\000r\000y\000\040\000R\000e\000c\000o\000n\000s\000t\000r\000u\000c\000t\000i\000o\000n}{section.12}% 208
\BOOKMARK [3][-]{subsubsection.12.5.1}{\376\377\000F\000r\000o\000m\000\040\000P\000a\000r\000t\000i\000t\000i\000o\000n\000\040\000L\000a\000g\000\040\000t\000o\000\040\000T\000r\000a\000j\000e\000c\000t\000o\000r\000y}{subsection.12.5}% 209
\BOOKMARK [3][-]{subsubsection.12.5.2}{\376\377\000T\000e\000r\000n\000a\000r\000y\000\040\000T\000r\000a\000j\000e\000c\000t\000o\000r\000y\000\040\000E\000n\000c\000o\000d\000i\000n\000g}{subsection.12.5}% 210
\BOOKMARK [3][-]{subsubsection.12.5.3}{\376\377\000C\000o\000n\000n\000e\000c\000t\000i\000o\000n\000\040\000t\000o\000\040\000D\000o\000u\000b\000l\000e\000-\000S\000l\000i\000t\000\040\000D\000u\000a\000l\000i\000t\000y}{subsection.12.5}% 211
\BOOKMARK [2][-]{subsection.12.6}{\376\377\000I\000m\000p\000l\000i\000c\000a\000t\000i\000o\000n\000s}{section.12}% 212
\BOOKMARK [3][-]{subsubsection.12.6.1}{\376\377\000L\000i\000g\000h\000t\000\040\000D\000e\000r\000i\000v\000e\000d\000\040\000f\000r\000o\000m\000\040\000F\000i\000r\000s\000t\000\040\000P\000r\000i\000n\000c\000i\000p\000l\000e\000s}{subsection.12.6}% 213
\BOOKMARK [3][-]{subsubsection.12.6.2}{\376\377\000V\000a\000l\000i\000d\000a\000t\000i\000o\000n\000\040\000o\000f\000\040\000E\000l\000e\000c\000t\000r\000o\000n\000\040\000D\000y\000n\000a\000m\000i\000c\000s}{subsection.12.6}% 214
\BOOKMARK [3][-]{subsubsection.12.6.3}{\376\377\000A\000d\000v\000a\000n\000t\000a\000g\000e\000s\000\040\000O\000v\000e\000r\000\040\000I\000o\000n\000\040\000T\000r\000a\000p\000\040\000V\000a\000l\000i\000d\000a\000t\000i\000o\000n}{subsection.12.6}% 215
