\BOOKMARK [0][-]{section*.2}{\376\377\000P\000e\000r\000t\000u\000r\000b\000a\000t\000i\000o\000n\000-\000I\000n\000d\000u\000c\000e\000d\000\040\000T\000e\000r\000n\000a\000r\000y\000\040\000T\000r\000i\000s\000e\000c\000t\000i\000o\000n\000:\000\040\000O\000\050\0003\000\040\000N\000\051\000\040\000Q\000u\000a\000n\000t\000u\000m\000\040\000S\000t\000a\000t\000e\000\040\000L\000o\000c\000a\000l\000i\000z\000a\000t\000i\000o\000n\000\040\000w\000i\000t\000h\000\040\000W\000a\000v\000e\000-\000P\000a\000r\000t\000i\000c\000l\000e\000\040\000D\000u\000a\000l\000i\000t\000y\000\040\000R\000e\000s\000o\000l\000u\000t\000i\000o\000n}{}% 2
\BOOKMARK [1][-]{section*.1}{\376\377\000A\000b\000s\000t\000r\000a\000c\000t}{section*.2}% 1
\BOOKMARK [1][-]{section*.3}{\376\377\000I\000n\000t\000r\000o\000d\000u\000c\000t\000i\000o\000n}{section*.2}% 3
\BOOKMARK [2][-]{section*.4}{\376\377\000T\000h\000e\000\040\000S\000e\000a\000r\000c\000h\000\040\000P\000r\000o\000b\000l\000e\000m\000\040\000i\000n\000\040\000Q\000u\000a\000n\000t\000u\000m\000\040\000S\000y\000s\000t\000e\000m\000s}{section*.3}% 4
\BOOKMARK [2][-]{section*.5}{\376\377\000T\000h\000e\000\040\000T\000e\000r\000n\000a\000r\000y\000\040\000A\000l\000t\000e\000r\000n\000a\000t\000i\000v\000e}{section*.3}% 5
\BOOKMARK [2][-]{section*.6}{\376\377\000H\000i\000s\000t\000o\000r\000i\000c\000a\000l\000\040\000C\000o\000n\000t\000e\000x\000t}{section*.3}% 6
\BOOKMARK [2][-]{section*.7}{\376\377\000P\000a\000p\000e\000r\000\040\000O\000r\000g\000a\000n\000i\000z\000a\000t\000i\000o\000n}{section*.3}% 7
\BOOKMARK [1][-]{section*.8}{\376\377\000A\000l\000g\000o\000r\000i\000t\000h\000m\000\040\000T\000h\000e\000o\000r\000y}{section*.2}% 8
\BOOKMARK [2][-]{section*.9}{\376\377\000T\000h\000r\000e\000e\000-\000O\000u\000t\000c\000o\000m\000e\000\040\000M\000e\000a\000s\000u\000r\000e\000m\000e\000n\000t\000\040\000F\000r\000a\000m\000e\000w\000o\000r\000k}{section*.8}% 9
\BOOKMARK [2][-]{section*.10}{\376\377\000T\000h\000r\000e\000e\000-\000D\000i\000m\000e\000n\000s\000i\000o\000n\000a\000l\000\040\000E\000x\000t\000e\000n\000s\000i\000o\000n}{section*.8}% 10
\BOOKMARK [2][-]{section*.11}{\376\377\000I\000n\000f\000o\000r\000m\000a\000t\000i\000o\000n\000-\000T\000h\000e\000o\000r\000e\000t\000i\000c\000\040\000O\000p\000t\000i\000m\000a\000l\000i\000t\000y}{section*.8}% 11
\BOOKMARK [2][-]{section*.12}{\376\377\000S\000p\000e\000e\000d\000u\000p\000\040\000A\000n\000a\000l\000y\000s\000i\000s}{section*.8}% 12
\BOOKMARK [2][-]{section*.13}{\376\377\000H\000i\000g\000h\000e\000r\000-\000O\000r\000d\000e\000r\000\040\000E\000x\000t\000e\000n\000s\000i\000o\000n\000s}{section*.8}% 13
\BOOKMARK [2][-]{section*.14}{\376\377\000A\000l\000g\000o\000r\000i\000t\000h\000m\000\040\000P\000s\000e\000u\000d\000o\000c\000o\000d\000e}{section*.8}% 14
\BOOKMARK [1][-]{section*.15}{\376\377\000P\000e\000r\000t\000u\000r\000b\000a\000t\000i\000o\000n\000\040\000M\000e\000c\000h\000a\000n\000i\000s\000m\000s}{section*.2}% 15
\BOOKMARK [2][-]{section*.16}{\376\377\000E\000l\000e\000c\000t\000r\000i\000c\000\040\000F\000i\000e\000l\000d\000\040\000G\000r\000a\000d\000i\000e\000n\000t}{section*.15}% 16
\BOOKMARK [2][-]{section*.17}{\376\377\000M\000a\000g\000n\000e\000t\000i\000c\000\040\000F\000i\000e\000l\000d\000\040\000G\000r\000a\000d\000i\000e\000n\000t}{section*.15}% 17
\BOOKMARK [2][-]{section*.18}{\376\377\000O\000r\000t\000h\000o\000g\000o\000n\000a\000l\000i\000t\000y\000\040\000o\000f\000\040\000P\000e\000r\000t\000u\000r\000b\000a\000t\000i\000o\000n\000s}{section*.15}% 18
\BOOKMARK [2][-]{section*.19}{\376\377\000P\000e\000r\000t\000u\000r\000b\000a\000t\000i\000o\000n\000\040\000S\000t\000r\000e\000n\000g\000t\000h\000\040\000R\000e\000q\000u\000i\000r\000e\000m\000e\000n\000t\000s}{section*.15}% 19
\BOOKMARK [1][-]{section*.20}{\376\377\000F\000o\000r\000c\000e\000d\000\040\000L\000o\000c\000a\000l\000i\000z\000a\000t\000i\000o\000n\000\040\000D\000y\000n\000a\000m\000i\000c\000s}{section*.2}% 20
\BOOKMARK [2][-]{section*.21}{\376\377\000T\000h\000e\000\040\000D\000e\000l\000o\000c\000a\000l\000i\000z\000a\000t\000i\000o\000n\000\040\000P\000r\000o\000b\000l\000e\000m}{section*.20}% 21
\BOOKMARK [2][-]{section*.22}{\376\377\000S\000t\000r\000o\000n\000g\000\040\000P\000e\000r\000t\000u\000r\000b\000a\000t\000i\000o\000n\000\040\000R\000e\000g\000i\000m\000e}{section*.20}% 22
\BOOKMARK [2][-]{section*.23}{\376\377\000A\000d\000i\000a\000b\000a\000t\000i\000c\000\040\000v\000s\000.\000\040\000S\000u\000d\000d\000e\000n\000\040\000L\000i\000m\000i\000t\000s}{section*.20}% 23
\BOOKMARK [2][-]{section*.24}{\376\377\000C\000a\000t\000e\000g\000o\000r\000i\000c\000a\000l\000\040\000S\000t\000a\000t\000e\000\040\000P\000r\000o\000j\000e\000c\000t\000i\000o\000n}{section*.20}% 24
\BOOKMARK [2][-]{section*.25}{\376\377\000Z\000e\000r\000o\000\040\000B\000a\000c\000k\000a\000c\000t\000i\000o\000n\000\040\000A\000n\000a\000l\000y\000s\000i\000s}{section*.20}% 25
\BOOKMARK [1][-]{section*.26}{\376\377\000E\000x\000p\000e\000r\000i\000m\000e\000n\000t\000a\000l\000\040\000V\000a\000l\000i\000d\000a\000t\000i\000o\000n}{section*.2}% 26
\BOOKMARK [2][-]{section*.27}{\376\377\000P\000e\000n\000n\000i\000n\000g\000\040\000T\000r\000a\000p\000\040\000A\000p\000p\000a\000r\000a\000t\000u\000s}{section*.26}% 27
\BOOKMARK [2][-]{section*.28}{\376\377\000P\000e\000r\000t\000u\000r\000b\000a\000t\000i\000o\000n\000\040\000S\000o\000u\000r\000c\000e\000s}{section*.26}% 28
\BOOKMARK [2][-]{section*.29}{\376\377\000Q\000u\000i\000n\000t\000u\000p\000a\000r\000t\000i\000t\000e\000\040\000D\000e\000t\000e\000c\000t\000i\000o\000n\000\040\000S\000y\000s\000t\000e\000m}{section*.26}% 29
\BOOKMARK [2][-]{section*.30}{\376\377\000M\000e\000a\000s\000u\000r\000e\000m\000e\000n\000t\000\040\000P\000r\000o\000t\000o\000c\000o\000l}{section*.26}% 30
\BOOKMARK [2][-]{section*.31}{\376\377\000L\000o\000c\000a\000l\000i\000z\000a\000t\000i\000o\000n\000\040\000R\000e\000s\000u\000l\000t\000s}{section*.26}% 31
\BOOKMARK [2][-]{section*.32}{\376\377\000B\000a\000c\000k\000a\000c\000t\000i\000o\000n\000\040\000M\000e\000a\000s\000u\000r\000e\000m\000e\000n\000t}{section*.26}% 32
\BOOKMARK [2][-]{section*.33}{\376\377\000S\000t\000a\000t\000i\000s\000t\000i\000c\000a\000l\000\040\000V\000a\000l\000i\000d\000a\000t\000i\000o\000n}{section*.26}% 33
\BOOKMARK [1][-]{section*.34}{\376\377\000W\000a\000v\000e\000-\000P\000a\000r\000t\000i\000c\000l\000e\000\040\000D\000u\000a\000l\000i\000t\000y\000\040\000R\000e\000s\000o\000l\000u\000t\000i\000o\000n}{section*.2}% 34
\BOOKMARK [2][-]{section*.35}{\376\377\000T\000h\000e\000\040\000C\000o\000m\000p\000l\000e\000m\000e\000n\000t\000a\000r\000i\000t\000y\000\040\000P\000r\000i\000n\000c\000i\000p\000l\000e}{section*.34}% 35
\BOOKMARK [2][-]{section*.36}{\376\377\000C\000a\000t\000e\000g\000o\000r\000i\000c\000a\000l\000\040\000E\000s\000c\000a\000p\000e\000\040\000f\000r\000o\000m\000\040\000C\000o\000m\000p\000l\000e\000m\000e\000n\000t\000a\000r\000i\000t\000y}{section*.34}% 36
\BOOKMARK [2][-]{section*.37}{\376\377\000S\000-\000E\000n\000t\000r\000o\000p\000y\000\040\000T\000h\000r\000e\000e\000-\000D\000i\000m\000e\000n\000s\000i\000o\000n\000a\000l\000\040\000S\000t\000r\000u\000c\000t\000u\000r\000e}{section*.34}% 37
\BOOKMARK [2][-]{section*.38}{\376\377\000T\000h\000r\000e\000e\000-\000I\000o\000n\000\040\000D\000o\000u\000b\000l\000e\000-\000S\000l\000i\000t\000\040\000E\000x\000p\000e\000r\000i\000m\000e\000n\000t}{section*.34}% 38
\BOOKMARK [2][-]{section*.39}{\376\377\000C\000a\000t\000e\000g\000o\000r\000i\000c\000a\000l\000\040\000S\000t\000a\000t\000e\000\040\000E\000n\000c\000o\000d\000i\000n\000g}{section*.34}% 39
\BOOKMARK [2][-]{section*.40}{\376\377\000W\000a\000v\000e\000-\000P\000a\000r\000t\000i\000c\000l\000e\000\040\000R\000e\000s\000u\000l\000t\000s}{section*.34}% 40
\BOOKMARK [2][-]{section*.41}{\376\377\000I\000n\000t\000e\000r\000p\000r\000e\000t\000a\000t\000i\000o\000n\000:\000\040\000T\000e\000r\000n\000a\000r\000y\000\040\000S\000t\000r\000u\000c\000t\000u\000r\000e\000\040\000o\000f\000\040\000R\000e\000a\000l\000i\000t\000y}{section*.34}% 41
\BOOKMARK [1][-]{section*.42}{\376\377\000F\000l\000u\000i\000d\000\040\000P\000a\000t\000h\000\040\000V\000a\000l\000i\000d\000a\000t\000i\000o\000n}{section*.2}% 42
\BOOKMARK [2][-]{section*.43}{\376\377\000P\000a\000r\000t\000i\000t\000i\000o\000n\000\040\000L\000a\000g\000\040\000T\000h\000e\000o\000r\000y}{section*.42}% 43
\BOOKMARK [2][-]{section*.44}{\376\377\000V\000i\000s\000c\000o\000s\000i\000t\000y\000-\000P\000a\000r\000t\000i\000t\000i\000o\000n\000\040\000L\000a\000g\000\040\000R\000e\000l\000a\000t\000i\000o\000n}{section*.42}% 44
\BOOKMARK [2][-]{section*.45}{\376\377\000O\000p\000t\000i\000c\000a\000l\000-\000M\000e\000c\000h\000a\000n\000i\000c\000a\000l\000\040\000C\000o\000r\000r\000e\000l\000a\000t\000i\000o\000n}{section*.42}% 45
\BOOKMARK [2][-]{section*.46}{\376\377\000E\000x\000p\000e\000r\000i\000m\000e\000n\000t\000a\000l\000\040\000V\000a\000l\000i\000d\000a\000t\000i\000o\000n}{section*.42}% 46
\BOOKMARK [1][-]{section*.47}{\376\377\000D\000i\000s\000c\000u\000s\000s\000i\000o\000n}{section*.2}% 47
\BOOKMARK [2][-]{section*.48}{\376\377\000C\000o\000m\000p\000a\000r\000i\000s\000o\000n\000\040\000w\000i\000t\000h\000\040\000G\000r\000o\000v\000e\000r\000'\000s\000\040\000A\000l\000g\000o\000r\000i\000t\000h\000m}{section*.47}% 48
\BOOKMARK [2][-]{section*.49}{\376\377\000T\000r\000a\000n\000s\000-\000P\000l\000a\000n\000c\000k\000i\000a\000n\000\040\000R\000e\000s\000o\000l\000u\000t\000i\000o\000n}{section*.47}% 49
\BOOKMARK [2][-]{section*.50}{\376\377\000T\000e\000r\000n\000a\000r\000y\000\040\000S\000t\000r\000u\000c\000t\000u\000r\000e\000\040\000o\000f\000\040\000N\000a\000t\000u\000r\000e}{section*.47}% 50
\BOOKMARK [2][-]{section*.51}{\376\377\000I\000m\000p\000l\000i\000c\000a\000t\000i\000o\000n\000s\000\040\000f\000o\000r\000\040\000Q\000u\000a\000n\000t\000u\000m\000\040\000F\000o\000u\000n\000d\000a\000t\000i\000o\000n\000s}{section*.47}% 51
\BOOKMARK [2][-]{section*.52}{\376\377\000P\000r\000a\000c\000t\000i\000c\000a\000l\000\040\000A\000p\000p\000l\000i\000c\000a\000t\000i\000o\000n\000s}{section*.47}% 52
\BOOKMARK [1][-]{section*.53}{\376\377\000C\000o\000n\000c\000l\000u\000s\000i\000o\000n}{section*.2}% 53
\BOOKMARK [1][-]{section*.54}{\376\377\000A\000c\000k\000n\000o\000w\000l\000e\000d\000g\000m\000e\000n\000t\000s}{section*.2}% 54
\BOOKMARK [1][-]{section*.55}{\376\377\000D\000e\000r\000i\000v\000a\000t\000i\000o\000n\000\040\000o\000f\000\040\000T\000e\000r\000n\000a\000r\000y\000\040\000I\000n\000f\000o\000r\000m\000a\000t\000i\000o\000n\000\040\000G\000a\000i\000n}{section*.2}% 55
\BOOKMARK [1][-]{section*.56}{\376\377\000P\000r\000o\000o\000f\000\040\000o\000f\000\040\000C\000a\000t\000e\000g\000o\000r\000i\000c\000a\000l\000-\000P\000h\000y\000s\000i\000c\000a\000l\000\040\000C\000o\000m\000m\000u\000t\000a\000t\000i\000o\000n}{section*.2}% 56
\BOOKMARK [1][-]{section*.57}{\376\377\000S\000-\000E\000n\000t\000r\000o\000p\000y\000\040\000C\000o\000o\000r\000d\000i\000n\000a\000t\000e\000\040\000D\000e\000f\000i\000n\000i\000t\000i\000o\000n\000s}{section*.2}% 57
\BOOKMARK [1][-]{section*.58}{\376\377\000P\000a\000r\000t\000i\000t\000i\000o\000n\000\040\000L\000a\000g\000\040\000C\000a\000l\000c\000u\000l\000a\000t\000i\000o\000n\000\040\000D\000e\000t\000a\000i\000l\000s}{section*.2}% 58
