\BOOKMARK [1][]{section.1}{\376\377\0001\000\040\000I\000n\000t\000r\000o\000d\000u\000c\000t\000i\000o\000n}{}% 1
\BOOKMARK [2][]{subsection.1.1}{\376\377\0001\000.\0001\000\040\000N\000o\000t\000a\000t\000i\000o\000n\000\040\000a\000n\000d\000\040\000C\000o\000n\000v\000e\000n\000t\000i\000o\000n\000s}{section.1}% 2
\BOOKMARK [1][]{section.2}{\376\377\0002\000\040\000C\000a\000t\000e\000g\000o\000r\000i\000c\000a\000l\000\040\000D\000y\000n\000a\000m\000i\000c\000s\000\040\000a\000n\000d\000\040\000O\000s\000c\000i\000l\000l\000a\000t\000o\000r\000y\000\040\000M\000e\000c\000h\000a\000n\000i\000c\000s}{}% 3
\BOOKMARK [2][]{subsection.2.1}{\376\377\0002\000.\0001\000\040\000I\000n\000f\000o\000r\000m\000a\000t\000i\000o\000n\000\040\000D\000y\000n\000a\000m\000i\000c\000s\000\040\000i\000n\000\040\000P\000h\000y\000s\000i\000c\000a\000l\000\040\000S\000y\000s\000t\000e\000m\000s}{section.2}% 4
\BOOKMARK [2][]{subsection.2.2}{\376\377\0002\000.\0002\000\040\000S\000-\000E\000n\000t\000r\000o\000p\000y\000\040\000C\000o\000o\000r\000d\000i\000n\000a\000t\000e\000s}{section.2}% 5
\BOOKMARK [2][]{subsection.2.3}{\376\377\0002\000.\0003\000\040\000O\000s\000c\000i\000l\000l\000a\000t\000o\000r\000y\000\040\000M\000e\000c\000h\000a\000n\000i\000s\000m\000\040\000o\000f\000\040\000C\000a\000t\000e\000g\000o\000r\000i\000c\000a\000l\000\040\000T\000r\000a\000n\000s\000i\000t\000i\000o\000n\000s}{section.2}% 6
\BOOKMARK [2][]{subsection.2.4}{\376\377\0002\000.\0004\000\040\000V\000a\000r\000i\000a\000n\000c\000e\000\040\000M\000i\000n\000i\000m\000i\000z\000a\000t\000i\000o\000n\000\040\000P\000r\000i\000n\000c\000i\000p\000l\000e}{section.2}% 7
\BOOKMARK [2][]{subsection.2.5}{\376\377\0002\000.\0005\000\040\000I\000m\000p\000l\000i\000c\000a\000t\000i\000o\000n\000s\000\040\000f\000o\000r\000\040\000P\000r\000o\000t\000e\000i\000n\000\040\000F\000o\000l\000d\000i\000n\000g}{section.2}% 8
\BOOKMARK [1][]{section.3}{\376\377\0003\000\040\000I\000n\000t\000r\000a\000c\000e\000l\000l\000u\000l\000a\000r\000\040\000P\000h\000a\000s\000e\000-\000L\000o\000c\000k\000i\000n\000g\000\040\000a\000n\000d\000\040\000T\000o\000p\000o\000l\000o\000g\000i\000c\000a\000l\000\040\000E\000x\000c\000l\000u\000s\000i\000o\000n}{}% 9
\BOOKMARK [2][]{subsection.3.1}{\376\377\0003\000.\0001\000\040\000C\000y\000t\000o\000p\000l\000a\000s\000m\000i\000c\000\040\000O\0002\000\040\000a\000s\000\040\000M\000a\000s\000t\000e\000r\000\040\000C\000l\000o\000c\000k}{section.3}% 10
\BOOKMARK [2][]{subsection.3.2}{\376\377\0003\000.\0002\000\040\000C\000o\000l\000l\000e\000c\000t\000i\000v\000e\000\040\000F\000i\000e\000l\000d\000\040\000C\000o\000u\000p\000l\000i\000n\000g}{section.3}% 11
\BOOKMARK [2][]{subsection.3.3}{\376\377\0003\000.\0003\000\040\000P\000r\000o\000t\000o\000n\000\040\000F\000i\000e\000l\000d\000\040\000O\000s\000c\000i\000l\000l\000a\000t\000i\000o\000n\000s}{section.3}% 12
\BOOKMARK [2][]{subsection.3.4}{\376\377\0003\000.\0004\000\040\000T\000o\000p\000o\000l\000o\000g\000i\000c\000a\000l\000\040\000E\000x\000c\000l\000u\000s\000i\000o\000n\000\040\000i\000n\000\040\000C\000r\000o\000w\000d\000e\000d\000\040\000C\000y\000t\000o\000p\000l\000a\000s\000m}{section.3}% 13
\BOOKMARK [2][]{subsection.3.5}{\376\377\0003\000.\0005\000\040\000P\000h\000a\000s\000e\000-\000L\000o\000c\000k\000i\000n\000g\000\040\000O\000v\000e\000r\000c\000o\000m\000e\000s\000\040\000T\000o\000p\000o\000l\000o\000g\000i\000c\000a\000l\000\040\000B\000a\000r\000r\000i\000e\000r\000s}{section.3}% 14
\BOOKMARK [2][]{subsection.3.6}{\376\377\0003\000.\0006\000\040\000N\000e\000c\000e\000s\000s\000i\000t\000y\000\040\000o\000f\000\040\000C\000h\000a\000p\000e\000r\000o\000n\000i\000n\000\040\000E\000n\000c\000a\000p\000s\000u\000l\000a\000t\000i\000o\000n}{section.3}% 15
\BOOKMARK [2][]{subsection.3.7}{\376\377\0003\000.\0007\000\040\000P\000h\000a\000s\000e\000-\000L\000o\000c\000k\000i\000n\000g\000\040\000H\000i\000e\000r\000a\000r\000c\000h\000y}{section.3}% 16
\BOOKMARK [2][]{subsection.3.8}{\376\377\0003\000.\0008\000\040\000I\000m\000p\000l\000i\000c\000a\000t\000i\000o\000n\000s\000\040\000f\000o\000r\000\040\000P\000r\000o\000t\000e\000i\000n\000\040\000F\000o\000l\000d\000i\000n\000g\000\040\000i\000n\000\040\000G\000r\000o\000E\000L}{section.3}% 17
\BOOKMARK [1][]{section.4}{\376\377\0004\000\040\000P\000r\000o\000t\000o\000n\000\040\000M\000a\000x\000w\000e\000l\000l\000\040\000D\000e\000m\000o\000n\000:\000\040\000H\000y\000d\000r\000o\000g\000e\000n\000\040\000B\000o\000n\000d\000s\000\040\000a\000s\000\040\000I\000n\000f\000o\000r\000m\000a\000t\000i\000o\000n\000\040\000F\000i\000l\000t\000e\000r\000s}{}% 18
\BOOKMARK [2][]{subsection.4.1}{\376\377\0004\000.\0001\000\040\000H\000y\000d\000r\000o\000g\000e\000n\000\040\000B\000o\000n\000d\000\040\000a\000s\000\040\000P\000r\000o\000t\000o\000n\000\040\000O\000s\000c\000i\000l\000l\000a\000t\000o\000r}{section.4}% 19
\BOOKMARK [3][]{subsubsection.4.1.1}{\376\377\0004\000.\0001\000.\0001\000\040\000C\000o\000v\000a\000l\000e\000n\000t\000\040\000C\000o\000n\000t\000r\000i\000b\000u\000t\000i\000o\000n}{subsection.4.1}% 20
\BOOKMARK [3][]{subsubsection.4.1.2}{\376\377\0004\000.\0001\000.\0002\000\040\000E\000l\000e\000c\000t\000r\000o\000s\000t\000a\000t\000i\000c\000\040\000C\000o\000n\000t\000r\000i\000b\000u\000t\000i\000o\000n}{subsection.4.1}% 21
\BOOKMARK [3][]{subsubsection.4.1.3}{\376\377\0004\000.\0001\000.\0003\000\040\000T\000o\000t\000a\000l\000\040\000H\000a\000r\000m\000o\000n\000i\000c\000\040\000P\000o\000t\000e\000n\000t\000i\000a\000l}{subsection.4.1}% 22
\BOOKMARK [2][]{subsection.4.2}{\376\377\0004\000.\0002\000\040\000G\000e\000o\000m\000e\000t\000r\000i\000c\000\040\000M\000o\000d\000u\000l\000a\000t\000i\000o\000n\000\040\000o\000f\000\040\000F\000r\000e\000q\000u\000e\000n\000c\000y}{section.4}% 23
\BOOKMARK [2][]{subsection.4.3}{\376\377\0004\000.\0003\000\040\000P\000r\000o\000t\000o\000n\000\040\000M\000a\000x\000w\000e\000l\000l\000\040\000D\000e\000m\000o\000n\000\040\000D\000y\000n\000a\000m\000i\000c\000s}{section.4}% 24
\BOOKMARK [2][]{subsection.4.4}{\376\377\0004\000.\0004\000\040\000I\000n\000f\000o\000r\000m\000a\000t\000i\000o\000n\000\040\000P\000r\000o\000c\000e\000s\000s\000i\000n\000g\000\040\000b\000y\000\040\000P\000M\000D\000\040\000N\000e\000t\000w\000o\000r\000k}{section.4}% 25
\BOOKMARK [2][]{subsection.4.5}{\376\377\0004\000.\0005\000\040\000T\000h\000e\000r\000m\000o\000d\000y\000n\000a\000m\000i\000c\000\040\000C\000o\000s\000t\000\040\000o\000f\000\040\000P\000h\000a\000s\000e\000-\000L\000o\000c\000k\000i\000n\000g}{section.4}% 26
\BOOKMARK [2][]{subsection.4.6}{\376\377\0004\000.\0006\000\040\000P\000M\000D\000\040\000N\000e\000t\000w\000o\000r\000k\000\040\000S\000t\000a\000b\000i\000l\000i\000t\000y}{section.4}% 27
\BOOKMARK [2][]{subsection.4.7}{\376\377\0004\000.\0007\000\040\000G\000r\000o\000E\000L\000\040\000C\000o\000u\000p\000l\000i\000n\000g\000\040\000t\000o\000\040\000P\000M\000D\000\040\000N\000e\000t\000w\000o\000r\000k}{section.4}% 28
\BOOKMARK [2][]{subsection.4.8}{\376\377\0004\000.\0008\000\040\000P\000h\000a\000s\000e\000-\000L\000o\000c\000k\000i\000n\000g\000\040\000S\000t\000r\000e\000n\000g\000t\000h}{section.4}% 29
\BOOKMARK [2][]{subsection.4.9}{\376\377\0004\000.\0009\000\040\000I\000m\000p\000l\000i\000c\000a\000t\000i\000o\000n\000s}{section.4}% 30
\BOOKMARK [1][]{section.5}{\376\377\0005\000\040\000G\000r\000o\000E\000L\000\040\000C\000a\000v\000i\000t\000y\000\040\000a\000s\000\040\000A\000T\000P\000-\000D\000r\000i\000v\000e\000n\000\040\000R\000e\000s\000o\000n\000a\000n\000c\000e\000\040\000C\000h\000a\000m\000b\000e\000r}{}% 31
\BOOKMARK [2][]{subsection.5.1}{\376\377\0005\000.\0001\000\040\000G\000r\000o\000E\000L\000\040\000S\000t\000r\000u\000c\000t\000u\000r\000e\000\040\000a\000n\000d\000\040\000D\000y\000n\000a\000m\000i\000c\000s}{section.5}% 32
\BOOKMARK [2][]{subsection.5.2}{\376\377\0005\000.\0002\000\040\000C\000a\000v\000i\000t\000y\000\040\000V\000i\000b\000r\000a\000t\000i\000o\000n\000a\000l\000\040\000M\000o\000d\000e\000s}{section.5}% 33
\BOOKMARK [2][]{subsection.5.3}{\376\377\0005\000.\0003\000\040\000A\000T\000P\000-\000D\000r\000i\000v\000e\000n\000\040\000C\000a\000v\000i\000t\000y\000\040\000M\000o\000d\000u\000l\000a\000t\000i\000o\000n}{section.5}% 34
\BOOKMARK [2][]{subsection.5.4}{\376\377\0005\000.\0004\000\040\000F\000r\000e\000q\000u\000e\000n\000c\000y\000\040\000M\000o\000d\000u\000l\000a\000t\000i\000o\000n}{section.5}% 35
\BOOKMARK [2][]{subsection.5.5}{\376\377\0005\000.\0005\000\040\000H\000a\000r\000m\000o\000n\000i\000c\000\040\000F\000r\000e\000q\000u\000e\000n\000c\000y\000\040\000S\000c\000a\000n\000n\000i\000n\000g}{section.5}% 36
\BOOKMARK [2][]{subsection.5.6}{\376\377\0005\000.\0006\000\040\000M\000u\000l\000t\000i\000-\000C\000y\000c\000l\000e\000\040\000F\000r\000e\000q\000u\000e\000n\000c\000y\000\040\000C\000o\000v\000e\000r\000a\000g\000e}{section.5}% 37
\BOOKMARK [2][]{subsection.5.7}{\376\377\0005\000.\0007\000\040\000P\000h\000a\000s\000e\000-\000L\000o\000c\000k\000i\000n\000g\000\040\000W\000i\000n\000d\000o\000w\000s}{section.5}% 38
\BOOKMARK [2][]{subsection.5.8}{\376\377\0005\000.\0008\000\040\000C\000y\000c\000l\000e\000-\000b\000y\000-\000C\000y\000c\000l\000e\000\040\000B\000o\000n\000d\000\040\000F\000o\000r\000m\000a\000t\000i\000o\000n}{section.5}% 39
\BOOKMARK [2][]{subsection.5.9}{\376\377\0005\000.\0009\000\040\000A\000T\000P\000\040\000C\000y\000c\000l\000e\000\040\000T\000i\000m\000i\000n\000g\000\040\000a\000n\000d\000\040\000O\0002\000\040\000S\000y\000n\000c\000h\000r\000o\000n\000i\000z\000a\000t\000i\000o\000n}{section.5}% 40
\BOOKMARK [2][]{subsection.5.10}{\376\377\0005\000.\0001\0000\000\040\000R\000e\000s\000o\000n\000a\000n\000c\000e\000\040\000Q\000u\000a\000l\000i\000t\000y\000\040\000F\000a\000c\000t\000o\000r}{section.5}% 41
\BOOKMARK [2][]{subsection.5.11}{\376\377\0005\000.\0001\0001\000\040\000C\000o\000u\000p\000l\000i\000n\000g\000\040\000S\000t\000r\000e\000n\000g\000t\000h\000\040\000D\000i\000s\000t\000r\000i\000b\000u\000t\000i\000o\000n}{section.5}% 42
\BOOKMARK [2][]{subsection.5.12}{\376\377\0005\000.\0001\0002\000\040\000E\000n\000e\000r\000g\000y\000\040\000L\000a\000n\000d\000s\000c\000a\000p\000e\000\040\000M\000o\000d\000i\000f\000i\000c\000a\000t\000i\000o\000n}{section.5}% 43
\BOOKMARK [2][]{subsection.5.13}{\376\377\0005\000.\0001\0003\000\040\000T\000h\000e\000o\000r\000e\000t\000i\000c\000a\000l\000\040\000F\000o\000l\000d\000i\000n\000g\000\040\000T\000i\000m\000e\000\040\000P\000r\000e\000d\000i\000c\000t\000i\000o\000n}{section.5}% 44
\BOOKMARK [2][]{subsection.5.14}{\376\377\0005\000.\0001\0004\000\040\000S\000u\000m\000m\000a\000r\000y}{section.5}% 45
\BOOKMARK [1][]{section.6}{\376\377\0006\000\040\000R\000e\000v\000e\000r\000s\000e\000\040\000F\000o\000l\000d\000i\000n\000g\000\040\000A\000l\000g\000o\000r\000i\000t\000h\000m\000\040\000a\000n\000d\000\040\000C\000o\000m\000p\000u\000t\000a\000t\000i\000o\000n\000a\000l\000\040\000V\000a\000l\000i\000d\000a\000t\000i\000o\000n}{}% 46
\BOOKMARK [2][]{subsection.6.1}{\376\377\0006\000.\0001\000\040\000A\000l\000g\000o\000r\000i\000t\000h\000m\000\040\000C\000o\000n\000c\000e\000p\000t}{section.6}% 47
\BOOKMARK [2][]{subsection.6.2}{\376\377\0006\000.\0002\000\040\000A\000l\000g\000o\000r\000i\000t\000h\000m\000\040\000D\000e\000s\000i\000g\000n}{section.6}% 48
\BOOKMARK [3][]{subsubsection.6.2.1}{\376\377\0006\000.\0002\000.\0001\000\040\000S\000t\000a\000g\000e\000\040\0001\000:\000\040\000F\000o\000r\000w\000a\000r\000d\000\040\000S\000i\000m\000u\000l\000a\000t\000i\000o\000n\000\040\000t\000o\000\040\000E\000q\000u\000i\000l\000i\000b\000r\000i\000u\000m}{subsection.6.2}% 49
\BOOKMARK [3][]{subsubsection.6.2.2}{\376\377\0006\000.\0002\000.\0002\000\040\000S\000t\000a\000g\000e\000\040\0002\000:\000\040\000B\000a\000c\000k\000w\000a\000r\000d\000\040\000D\000e\000s\000t\000a\000b\000i\000l\000i\000z\000a\000t\000i\000o\000n}{subsection.6.2}% 50
\BOOKMARK [3][]{subsubsection.6.2.3}{\376\377\0006\000.\0002\000.\0003\000\040\000S\000t\000a\000g\000e\000\040\0003\000:\000\040\000D\000e\000p\000e\000n\000d\000e\000n\000c\000y\000\040\000G\000r\000a\000p\000h\000\040\000A\000n\000a\000l\000y\000s\000i\000s}{subsection.6.2}% 51
\BOOKMARK [3][]{subsubsection.6.2.4}{\376\377\0006\000.\0002\000.\0004\000\040\000S\000t\000a\000g\000e\000\040\0004\000:\000\040\000F\000o\000r\000w\000a\000r\000d\000\040\000P\000a\000t\000h\000w\000a\000y\000\040\000R\000e\000c\000o\000n\000s\000t\000r\000u\000c\000t\000i\000o\000n}{subsection.6.2}% 52
\BOOKMARK [2][]{subsection.6.3}{\376\377\0006\000.\0003\000\040\000C\000o\000m\000p\000u\000t\000a\000t\000i\000o\000n\000a\000l\000\040\000I\000m\000p\000l\000e\000m\000e\000n\000t\000a\000t\000i\000o\000n}{section.6}% 53
\BOOKMARK [3][]{subsubsection.6.3.1}{\376\377\0006\000.\0003\000.\0001\000\040\000P\000M\000D\000\040\000R\000e\000p\000r\000e\000s\000e\000n\000t\000a\000t\000i\000o\000n}{subsection.6.3}% 54
\BOOKMARK [3][]{subsubsection.6.3.2}{\376\377\0006\000.\0003\000.\0002\000\040\000G\000r\000o\000E\000L\000\040\000C\000h\000a\000m\000b\000e\000r\000\040\000S\000i\000m\000u\000l\000a\000t\000i\000o\000n}{subsection.6.3}% 55
\BOOKMARK [3][]{subsubsection.6.3.3}{\376\377\0006\000.\0003\000.\0003\000\040\000P\000h\000a\000s\000e\000\040\000D\000y\000n\000a\000m\000i\000c\000s\000\040\000I\000n\000t\000e\000g\000r\000a\000t\000i\000o\000n}{subsection.6.3}% 56
\BOOKMARK [2][]{subsection.6.4}{\376\377\0006\000.\0004\000\040\000V\000a\000l\000i\000d\000a\000t\000i\000o\000n\000\040\000T\000e\000s\000t\000\040\000C\000a\000s\000e\000s}{section.6}% 57
\BOOKMARK [3][]{subsubsection.6.4.1}{\376\377\0006\000.\0004\000.\0001\000\040\000T\000e\000s\000t\000\040\0001\000:\000\040\000S\000i\000m\000p\000l\000e\000\040\000B\000e\000t\000a\000\040\000S\000h\000e\000e\000t\000\040\000\050\0004\000\040\000b\000o\000n\000d\000s\000\051}{subsection.6.4}% 58
\BOOKMARK [3][]{subsubsection.6.4.2}{\376\377\0006\000.\0004\000.\0002\000\040\000T\000e\000s\000t\000\040\0002\000:\000\040\000A\000l\000p\000h\000a\000\040\000H\000e\000l\000i\000x\000\040\000\050\0008\000\040\000b\000o\000n\000d\000s\000\051}{subsection.6.4}% 59
\BOOKMARK [3][]{subsubsection.6.4.3}{\376\377\0006\000.\0004\000.\0003\000\040\000T\000e\000s\000t\000\040\0003\000:\000\040\000B\000e\000t\000a\000\040\000B\000a\000r\000r\000e\000l\000\040\000\050\0001\0002\000\040\000b\000o\000n\000d\000s\000\051}{subsection.6.4}% 60
\BOOKMARK [3][]{subsubsection.6.4.4}{\376\377\0006\000.\0004\000.\0004\000\040\000T\000e\000s\000t\000\040\0004\000:\000\040\000M\000i\000x\000e\000d\000\040\000S\000t\000r\000u\000c\000t\000u\000r\000e\000\040\000\050\0001\0006\000\040\000b\000o\000n\000d\000s\000\051}{subsection.6.4}% 61
\BOOKMARK [2][]{subsection.6.5}{\376\377\0006\000.\0005\000\040\000Q\000u\000a\000n\000t\000i\000t\000a\000t\000i\000v\000e\000\040\000V\000a\000l\000i\000d\000a\000t\000i\000o\000n}{section.6}% 62
\BOOKMARK [2][]{subsection.6.6}{\376\377\0006\000.\0006\000\040\000B\000o\000n\000d\000\040\000F\000o\000r\000m\000a\000t\000i\000o\000n\000\040\000S\000t\000a\000t\000i\000s\000t\000i\000c\000s}{section.6}% 63
\BOOKMARK [2][]{subsection.6.7}{\376\377\0006\000.\0007\000\040\000D\000e\000p\000e\000n\000d\000e\000n\000c\000y\000\040\000G\000r\000a\000p\000h\000\040\000S\000t\000r\000u\000c\000t\000u\000r\000e}{section.6}% 64
\BOOKMARK [2][]{subsection.6.8}{\376\377\0006\000.\0008\000\040\000P\000h\000a\000s\000e\000\040\000C\000o\000h\000e\000r\000e\000n\000c\000e\000\040\000E\000v\000o\000l\000u\000t\000i\000o\000n}{section.6}% 65
\BOOKMARK [2][]{subsection.6.9}{\376\377\0006\000.\0009\000\040\000C\000a\000v\000i\000t\000y\000\040\000F\000r\000e\000q\000u\000e\000n\000c\000y\000-\000B\000o\000n\000d\000\040\000F\000r\000e\000q\000u\000e\000n\000c\000y\000\040\000M\000a\000t\000c\000h\000i\000n\000g}{section.6}% 66
\BOOKMARK [2][]{subsection.6.10}{\376\377\0006\000.\0001\0000\000\040\000S\000e\000n\000s\000i\000t\000i\000v\000i\000t\000y\000\040\000A\000n\000a\000l\000y\000s\000i\000s}{section.6}% 67
\BOOKMARK [2][]{subsection.6.11}{\376\377\0006\000.\0001\0001\000\040\000C\000o\000m\000p\000a\000r\000i\000s\000o\000n\000\040\000w\000i\000t\000h\000\040\000E\000x\000p\000e\000r\000i\000m\000e\000n\000t\000a\000l\000\040\000D\000a\000t\000a}{section.6}% 68
\BOOKMARK [2][]{subsection.6.12}{\376\377\0006\000.\0001\0002\000\040\000M\000e\000c\000h\000a\000n\000i\000s\000t\000i\000c\000\040\000I\000n\000s\000i\000g\000h\000t\000s}{section.6}% 69
\BOOKMARK [2][]{subsection.6.13}{\376\377\0006\000.\0001\0003\000\040\000A\000l\000g\000o\000r\000i\000t\000h\000m\000\040\000C\000o\000m\000p\000l\000e\000x\000i\000t\000y}{section.6}% 70
\BOOKMARK [2][]{subsection.6.14}{\376\377\0006\000.\0001\0004\000\040\000P\000r\000e\000d\000i\000c\000t\000i\000v\000e\000\040\000A\000p\000p\000l\000i\000c\000a\000t\000i\000o\000n\000s}{section.6}% 71
\BOOKMARK [2][]{subsection.6.15}{\376\377\0006\000.\0001\0005\000\040\000L\000i\000m\000i\000t\000a\000t\000i\000o\000n\000s\000\040\000a\000n\000d\000\040\000E\000x\000t\000e\000n\000s\000i\000o\000n\000s}{section.6}% 72
\BOOKMARK [2][]{subsection.6.16}{\376\377\0006\000.\0001\0006\000\040\000D\000i\000s\000c\000u\000s\000s\000i\000o\000n}{section.6}% 73
\BOOKMARK [1][]{section.7}{\376\377\0007\000\040\000C\000o\000n\000c\000l\000u\000s\000i\000o\000n\000s}{}% 74
